2022-03-09 22:14 +08:00: node:events:498
2022-03-09 22:14 +08:00:       throw er; // Unhandled 'error' event
2022-03-09 22:14 +08:00:       ^
2022-03-09 22:14 +08:00: 
2022-03-09 22:14 +08:00: Error: listen EADDRNOTAVAIL: address not available 47.57.243.177:6000
2022-03-09 22:14 +08:00:     at Server.setupListenHandle [as _listen2] (node:net:1313:21)
2022-03-09 22:14 +08:00:     at listenInCluster (node:net:1378:12)
2022-03-09 22:14 +08:00:     at doListen (node:net:1516:7)
2022-03-09 22:14 +08:00:     at processTicksAndRejections (node:internal/process/task_queues:84:21)
2022-03-09 22:14 +08:00: Emitted 'error' event on Server instance at:
2022-03-09 22:14 +08:00:     at emitErrorNT (node:net:1357:8)
2022-03-09 22:14 +08:00:     at processTicksAndRejections (node:internal/process/task_queues:83:21) {
2022-03-09 22:14 +08:00:   code: 'EADDRNOTAVAIL',
2022-03-09 22:14 +08:00:   errno: -99,
2022-03-09 22:14 +08:00:   syscall: 'listen',
2022-03-09 22:14 +08:00:   address: '47.57.243.177',
2022-03-09 22:14 +08:00:   port: 6000
2022-03-09 22:14 +08:00: }
2022-03-09 22:14 +08:00: node:events:498
2022-03-09 22:14 +08:00:       throw er; // Unhandled 'error' event
2022-03-09 22:14 +08:00:       ^
2022-03-09 22:14 +08:00: 
2022-03-09 22:14 +08:00: Error: listen EADDRNOTAVAIL: address not available 47.57.243.177:6000
2022-03-09 22:14 +08:00:     at Server.setupListenHandle [as _listen2] (node:net:1313:21)
2022-03-09 22:14 +08:00:     at listenInCluster (node:net:1378:12)
2022-03-09 22:14 +08:00:     at doListen (node:net:1516:7)
2022-03-09 22:14 +08:00:     at processTicksAndRejections (node:internal/process/task_queues:84:21)
2022-03-09 22:14 +08:00: Emitted 'error' event on Server instance at:
2022-03-09 22:14 +08:00:     at emitErrorNT (node:net:1357:8)
2022-03-09 22:14 +08:00:     at processTicksAndRejections (node:internal/process/task_queues:83:21) {
2022-03-09 22:14 +08:00:   code: 'EADDRNOTAVAIL',
2022-03-09 22:14 +08:00:   errno: -99,
2022-03-09 22:14 +08:00:   syscall: 'listen',
2022-03-09 22:14 +08:00:   address: '47.57.243.177',
2022-03-09 22:14 +08:00:   port: 6000
2022-03-09 22:14 +08:00: }
2022-03-09 22:14 +08:00: node:events:498
2022-03-09 22:14 +08:00:       throw er; // Unhandled 'error' event
2022-03-09 22:14 +08:00:       ^
2022-03-09 22:14 +08:00: 
2022-03-09 22:14 +08:00: Error: listen EADDRNOTAVAIL: address not available 47.57.243.177:6000
2022-03-09 22:14 +08:00:     at Server.setupListenHandle [as _listen2] (node:net:1313:21)
2022-03-09 22:14 +08:00:     at listenInCluster (node:net:1378:12)
2022-03-09 22:14 +08:00:     at doListen (node:net:1516:7)
2022-03-09 22:14 +08:00:     at processTicksAndRejections (node:internal/process/task_queues:84:21)
2022-03-09 22:14 +08:00: Emitted 'error' event on Server instance at:
2022-03-09 22:14 +08:00:     at emitErrorNT (node:net:1357:8)
2022-03-09 22:14 +08:00:     at processTicksAndRejections (node:internal/process/task_queues:83:21) {
2022-03-09 22:14 +08:00:   code: 'EADDRNOTAVAIL',
2022-03-09 22:14 +08:00:   errno: -99,
2022-03-09 22:14 +08:00:   syscall: 'listen',
2022-03-09 22:14 +08:00:   address: '47.57.243.177',
2022-03-09 22:14 +08:00:   port: 6000
2022-03-09 22:14 +08:00: }
2022-03-09 22:14 +08:00: node:events:498
2022-03-09 22:14 +08:00:       throw er; // Unhandled 'error' event
2022-03-09 22:14 +08:00:       ^
2022-03-09 22:14 +08:00: 
2022-03-09 22:14 +08:00: Error: listen EADDRNOTAVAIL: address not available 47.57.243.177:6000
2022-03-09 22:14 +08:00:     at Server.setupListenHandle [as _listen2] (node:net:1313:21)
2022-03-09 22:14 +08:00:     at listenInCluster (node:net:1378:12)
2022-03-09 22:14 +08:00:     at doListen (node:net:1516:7)
2022-03-09 22:14 +08:00:     at processTicksAndRejections (node:internal/process/task_queues:84:21)
2022-03-09 22:14 +08:00: Emitted 'error' event on Server instance at:
2022-03-09 22:14 +08:00:     at emitErrorNT (node:net:1357:8)
2022-03-09 22:14 +08:00:     at processTicksAndRejections (node:internal/process/task_queues:83:21) {
2022-03-09 22:14 +08:00:   code: 'EADDRNOTAVAIL',
2022-03-09 22:14 +08:00:   errno: -99,
2022-03-09 22:14 +08:00:   syscall: 'listen',
2022-03-09 22:14 +08:00:   address: '47.57.243.177',
2022-03-09 22:14 +08:00:   port: 6000
2022-03-09 22:14 +08:00: }
2022-03-09 22:14 +08:00: node:events:498
2022-03-09 22:14 +08:00:       throw er; // Unhandled 'error' event
2022-03-09 22:14 +08:00:       ^
2022-03-09 22:14 +08:00: 
2022-03-09 22:14 +08:00: Error: listen EADDRNOTAVAIL: address not available 47.57.243.177:6000
2022-03-09 22:14 +08:00:     at Server.setupListenHandle [as _listen2] (node:net:1313:21)
2022-03-09 22:14 +08:00:     at listenInCluster (node:net:1378:12)
2022-03-09 22:14 +08:00:     at doListen (node:net:1516:7)
2022-03-09 22:14 +08:00:     at processTicksAndRejections (node:internal/process/task_queues:84:21)
2022-03-09 22:14 +08:00: Emitted 'error' event on Server instance at:
2022-03-09 22:14 +08:00:     at emitErrorNT (node:net:1357:8)
2022-03-09 22:14 +08:00:     at processTicksAndRejections (node:internal/process/task_queues:83:21) {
2022-03-09 22:14 +08:00:   code: 'EADDRNOTAVAIL',
2022-03-09 22:14 +08:00:   errno: -99,
2022-03-09 22:14 +08:00:   syscall: 'listen',
2022-03-09 22:14 +08:00:   address: '47.57.243.177',
2022-03-09 22:14 +08:00:   port: 6000
2022-03-09 22:14 +08:00: }
2022-03-09 22:14 +08:00: node:events:498
2022-03-09 22:14 +08:00:       throw er; // Unhandled 'error' event
2022-03-09 22:14 +08:00:       ^
2022-03-09 22:14 +08:00: 
2022-03-09 22:14 +08:00: Error: listen EADDRNOTAVAIL: address not available 47.57.243.177:6000
2022-03-09 22:14 +08:00:     at Server.setupListenHandle [as _listen2] (node:net:1313:21)
2022-03-09 22:14 +08:00:     at listenInCluster (node:net:1378:12)
2022-03-09 22:14 +08:00:     at doListen (node:net:1516:7)
2022-03-09 22:14 +08:00:     at processTicksAndRejections (node:internal/process/task_queues:84:21)
2022-03-09 22:14 +08:00: Emitted 'error' event on Server instance at:
2022-03-09 22:14 +08:00:     at emitErrorNT (node:net:1357:8)
2022-03-09 22:14 +08:00:     at processTicksAndRejections (node:internal/process/task_queues:83:21) {
2022-03-09 22:14 +08:00:   code: 'EADDRNOTAVAIL',
2022-03-09 22:14 +08:00:   errno: -99,
2022-03-09 22:14 +08:00:   syscall: 'listen',
2022-03-09 22:14 +08:00:   address: '47.57.243.177',
2022-03-09 22:14 +08:00:   port: 6000
2022-03-09 22:14 +08:00: }
2022-03-09 22:14 +08:00: node:events:498
2022-03-09 22:14 +08:00:       throw er; // Unhandled 'error' event
2022-03-09 22:14 +08:00:       ^
2022-03-09 22:14 +08:00: 
2022-03-09 22:14 +08:00: Error: listen EADDRNOTAVAIL: address not available 47.57.243.177:6000
2022-03-09 22:14 +08:00:     at Server.setupListenHandle [as _listen2] (node:net:1313:21)
2022-03-09 22:14 +08:00:     at listenInCluster (node:net:1378:12)
2022-03-09 22:14 +08:00:     at doListen (node:net:1516:7)
2022-03-09 22:14 +08:00:     at processTicksAndRejections (node:internal/process/task_queues:84:21)
2022-03-09 22:14 +08:00: Emitted 'error' event on Server instance at:
2022-03-09 22:14 +08:00:     at emitErrorNT (node:net:1357:8)
2022-03-09 22:14 +08:00:     at processTicksAndRejections (node:internal/process/task_queues:83:21) {
2022-03-09 22:14 +08:00:   code: 'EADDRNOTAVAIL',
2022-03-09 22:14 +08:00:   errno: -99,
2022-03-09 22:14 +08:00:   syscall: 'listen',
2022-03-09 22:14 +08:00:   address: '47.57.243.177',
2022-03-09 22:14 +08:00:   port: 6000
2022-03-09 22:14 +08:00: }
2022-03-09 22:14 +08:00: node:events:498
2022-03-09 22:14 +08:00:       throw er; // Unhandled 'error' event
2022-03-09 22:14 +08:00:       ^
2022-03-09 22:14 +08:00: 
2022-03-09 22:14 +08:00: Error: listen EADDRNOTAVAIL: address not available 47.57.243.177:6000
2022-03-09 22:14 +08:00:     at Server.setupListenHandle [as _listen2] (node:net:1313:21)
2022-03-09 22:14 +08:00:     at listenInCluster (node:net:1378:12)
2022-03-09 22:14 +08:00:     at doListen (node:net:1516:7)
2022-03-09 22:14 +08:00:     at processTicksAndRejections (node:internal/process/task_queues:84:21)
2022-03-09 22:14 +08:00: Emitted 'error' event on Server instance at:
2022-03-09 22:14 +08:00:     at emitErrorNT (node:net:1357:8)
2022-03-09 22:14 +08:00:     at processTicksAndRejections (node:internal/process/task_queues:83:21) {
2022-03-09 22:14 +08:00:   code: 'EADDRNOTAVAIL',
2022-03-09 22:14 +08:00:   errno: -99,
2022-03-09 22:14 +08:00:   syscall: 'listen',
2022-03-09 22:14 +08:00:   address: '47.57.243.177',
2022-03-09 22:14 +08:00:   port: 6000
2022-03-09 22:14 +08:00: }
2022-03-09 22:14 +08:00: node:events:498
2022-03-09 22:14 +08:00:       throw er; // Unhandled 'error' event
2022-03-09 22:14 +08:00:       ^
2022-03-09 22:14 +08:00: 
2022-03-09 22:14 +08:00: Error: listen EADDRNOTAVAIL: address not available 47.57.243.177:6000
2022-03-09 22:14 +08:00:     at Server.setupListenHandle [as _listen2] (node:net:1313:21)
2022-03-09 22:14 +08:00:     at listenInCluster (node:net:1378:12)
2022-03-09 22:14 +08:00:     at doListen (node:net:1516:7)
2022-03-09 22:14 +08:00:     at processTicksAndRejections (node:internal/process/task_queues:84:21)
2022-03-09 22:14 +08:00: Emitted 'error' event on Server instance at:
2022-03-09 22:14 +08:00:     at emitErrorNT (node:net:1357:8)
2022-03-09 22:14 +08:00:     at processTicksAndRejections (node:internal/process/task_queues:83:21) {
2022-03-09 22:14 +08:00:   code: 'EADDRNOTAVAIL',
2022-03-09 22:14 +08:00:   errno: -99,
2022-03-09 22:14 +08:00:   syscall: 'listen',
2022-03-09 22:14 +08:00:   address: '47.57.243.177',
2022-03-09 22:14 +08:00:   port: 6000
2022-03-09 22:14 +08:00: }
2022-03-09 22:14 +08:00: node:events:498
2022-03-09 22:14 +08:00:       throw er; // Unhandled 'error' event
2022-03-09 22:14 +08:00:       ^
2022-03-09 22:14 +08:00: 
2022-03-09 22:14 +08:00: Error: listen EADDRNOTAVAIL: address not available 47.57.243.177:6000
2022-03-09 22:14 +08:00:     at Server.setupListenHandle [as _listen2] (node:net:1313:21)
2022-03-09 22:14 +08:00:     at listenInCluster (node:net:1378:12)
2022-03-09 22:14 +08:00:     at doListen (node:net:1516:7)
2022-03-09 22:14 +08:00:     at processTicksAndRejections (node:internal/process/task_queues:84:21)
2022-03-09 22:14 +08:00: Emitted 'error' event on Server instance at:
2022-03-09 22:14 +08:00:     at emitErrorNT (node:net:1357:8)
2022-03-09 22:14 +08:00:     at processTicksAndRejections (node:internal/process/task_queues:83:21) {
2022-03-09 22:14 +08:00:   code: 'EADDRNOTAVAIL',
2022-03-09 22:14 +08:00:   errno: -99,
2022-03-09 22:14 +08:00:   syscall: 'listen',
2022-03-09 22:14 +08:00:   address: '47.57.243.177',
2022-03-09 22:14 +08:00:   port: 6000
2022-03-09 22:14 +08:00: }
2022-03-09 22:14 +08:00: node:events:498
2022-03-09 22:14 +08:00:       throw er; // Unhandled 'error' event
2022-03-09 22:14 +08:00:       ^
2022-03-09 22:14 +08:00: 
2022-03-09 22:14 +08:00: Error: listen EADDRNOTAVAIL: address not available 47.57.243.177:6000
2022-03-09 22:14 +08:00:     at Server.setupListenHandle [as _listen2] (node:net:1313:21)
2022-03-09 22:14 +08:00:     at listenInCluster (node:net:1378:12)
2022-03-09 22:14 +08:00:     at doListen (node:net:1516:7)
2022-03-09 22:14 +08:00:     at processTicksAndRejections (node:internal/process/task_queues:84:21)
2022-03-09 22:14 +08:00: Emitted 'error' event on Server instance at:
2022-03-09 22:14 +08:00:     at emitErrorNT (node:net:1357:8)
2022-03-09 22:14 +08:00:     at processTicksAndRejections (node:internal/process/task_queues:83:21) {
2022-03-09 22:14 +08:00:   code: 'EADDRNOTAVAIL',
2022-03-09 22:14 +08:00:   errno: -99,
2022-03-09 22:14 +08:00:   syscall: 'listen',
2022-03-09 22:14 +08:00:   address: '47.57.243.177',
2022-03-09 22:14 +08:00:   port: 6000
2022-03-09 22:14 +08:00: }
2022-03-09 22:14 +08:00: node:events:498
2022-03-09 22:14 +08:00:       throw er; // Unhandled 'error' event
2022-03-09 22:14 +08:00:       ^
2022-03-09 22:14 +08:00: 
2022-03-09 22:14 +08:00: Error: listen EADDRNOTAVAIL: address not available 47.57.243.177:6000
2022-03-09 22:14 +08:00:     at Server.setupListenHandle [as _listen2] (node:net:1313:21)
2022-03-09 22:14 +08:00:     at listenInCluster (node:net:1378:12)
2022-03-09 22:14 +08:00:     at doListen (node:net:1516:7)
2022-03-09 22:14 +08:00:     at processTicksAndRejections (node:internal/process/task_queues:84:21)
2022-03-09 22:14 +08:00: Emitted 'error' event on Server instance at:
2022-03-09 22:14 +08:00:     at emitErrorNT (node:net:1357:8)
2022-03-09 22:14 +08:00:     at processTicksAndRejections (node:internal/process/task_queues:83:21) {
2022-03-09 22:14 +08:00:   code: 'EADDRNOTAVAIL',
2022-03-09 22:14 +08:00:   errno: -99,
2022-03-09 22:14 +08:00:   syscall: 'listen',
2022-03-09 22:14 +08:00:   address: '47.57.243.177',
2022-03-09 22:14 +08:00:   port: 6000
2022-03-09 22:14 +08:00: }
2022-03-09 22:14 +08:00: node:events:498
2022-03-09 22:14 +08:00:       throw er; // Unhandled 'error' event
2022-03-09 22:14 +08:00:       ^
2022-03-09 22:14 +08:00: 
2022-03-09 22:14 +08:00: Error: listen EADDRNOTAVAIL: address not available 47.57.243.177:6000
2022-03-09 22:14 +08:00:     at Server.setupListenHandle [as _listen2] (node:net:1313:21)
2022-03-09 22:14 +08:00:     at listenInCluster (node:net:1378:12)
2022-03-09 22:14 +08:00:     at doListen (node:net:1516:7)
2022-03-09 22:14 +08:00:     at processTicksAndRejections (node:internal/process/task_queues:84:21)
2022-03-09 22:14 +08:00: Emitted 'error' event on Server instance at:
2022-03-09 22:14 +08:00:     at emitErrorNT (node:net:1357:8)
2022-03-09 22:14 +08:00:     at processTicksAndRejections (node:internal/process/task_queues:83:21) {
2022-03-09 22:14 +08:00:   code: 'EADDRNOTAVAIL',
2022-03-09 22:14 +08:00:   errno: -99,
2022-03-09 22:14 +08:00:   syscall: 'listen',
2022-03-09 22:14 +08:00:   address: '47.57.243.177',
2022-03-09 22:14 +08:00:   port: 6000
2022-03-09 22:14 +08:00: }
2022-03-09 22:14 +08:00: node:events:498
2022-03-09 22:14 +08:00:       throw er; // Unhandled 'error' event
2022-03-09 22:14 +08:00:       ^
2022-03-09 22:14 +08:00: 
2022-03-09 22:14 +08:00: Error: listen EADDRNOTAVAIL: address not available 47.57.243.177:6000
2022-03-09 22:14 +08:00:     at Server.setupListenHandle [as _listen2] (node:net:1313:21)
2022-03-09 22:14 +08:00:     at listenInCluster (node:net:1378:12)
2022-03-09 22:14 +08:00:     at doListen (node:net:1516:7)
2022-03-09 22:14 +08:00:     at processTicksAndRejections (node:internal/process/task_queues:84:21)
2022-03-09 22:14 +08:00: Emitted 'error' event on Server instance at:
2022-03-09 22:14 +08:00:     at emitErrorNT (node:net:1357:8)
2022-03-09 22:14 +08:00:     at processTicksAndRejections (node:internal/process/task_queues:83:21) {
2022-03-09 22:14 +08:00:   code: 'EADDRNOTAVAIL',
2022-03-09 22:14 +08:00:   errno: -99,
2022-03-09 22:14 +08:00:   syscall: 'listen',
2022-03-09 22:14 +08:00:   address: '47.57.243.177',
2022-03-09 22:14 +08:00:   port: 6000
2022-03-09 22:14 +08:00: }
2022-03-09 22:14 +08:00: node:events:498
2022-03-09 22:14 +08:00:       throw er; // Unhandled 'error' event
2022-03-09 22:14 +08:00:       ^
2022-03-09 22:14 +08:00: 
2022-03-09 22:14 +08:00: Error: listen EADDRNOTAVAIL: address not available 47.57.243.177:6000
2022-03-09 22:14 +08:00:     at Server.setupListenHandle [as _listen2] (node:net:1313:21)
2022-03-09 22:14 +08:00:     at listenInCluster (node:net:1378:12)
2022-03-09 22:14 +08:00:     at doListen (node:net:1516:7)
2022-03-09 22:14 +08:00:     at processTicksAndRejections (node:internal/process/task_queues:84:21)
2022-03-09 22:14 +08:00: Emitted 'error' event on Server instance at:
2022-03-09 22:14 +08:00:     at emitErrorNT (node:net:1357:8)
2022-03-09 22:14 +08:00:     at processTicksAndRejections (node:internal/process/task_queues:83:21) {
2022-03-09 22:14 +08:00:   code: 'EADDRNOTAVAIL',
2022-03-09 22:14 +08:00:   errno: -99,
2022-03-09 22:14 +08:00:   syscall: 'listen',
2022-03-09 22:14 +08:00:   address: '47.57.243.177',
2022-03-09 22:14 +08:00:   port: 6000
2022-03-09 22:14 +08:00: }
2022-03-09 22:14 +08:00: node:events:498
2022-03-09 22:14 +08:00:       throw er; // Unhandled 'error' event
2022-03-09 22:14 +08:00:       ^
2022-03-09 22:14 +08:00: 
2022-03-09 22:14 +08:00: Error: listen EADDRNOTAVAIL: address not available 47.57.243.177:6000
2022-03-09 22:14 +08:00:     at Server.setupListenHandle [as _listen2] (node:net:1313:21)
2022-03-09 22:14 +08:00:     at listenInCluster (node:net:1378:12)
2022-03-09 22:14 +08:00:     at doListen (node:net:1516:7)
2022-03-09 22:14 +08:00:     at processTicksAndRejections (node:internal/process/task_queues:84:21)
2022-03-09 22:14 +08:00: Emitted 'error' event on Server instance at:
2022-03-09 22:14 +08:00:     at emitErrorNT (node:net:1357:8)
2022-03-09 22:14 +08:00:     at processTicksAndRejections (node:internal/process/task_queues:83:21) {
2022-03-09 22:14 +08:00:   code: 'EADDRNOTAVAIL',
2022-03-09 22:14 +08:00:   errno: -99,
2022-03-09 22:14 +08:00:   syscall: 'listen',
2022-03-09 22:14 +08:00:   address: '47.57.243.177',
2022-03-09 22:14 +08:00:   port: 6000
2022-03-09 22:14 +08:00: }
2022-03-09 22:15 +08:00: node:events:498
2022-03-09 22:15 +08:00:       throw er; // Unhandled 'error' event
2022-03-09 22:15 +08:00:       ^
2022-03-09 22:15 +08:00: 
2022-03-09 22:15 +08:00: Error: listen EADDRNOTAVAIL: address not available 47.57.243.177:6000
2022-03-09 22:15 +08:00:     at Server.setupListenHandle [as _listen2] (node:net:1313:21)
2022-03-09 22:15 +08:00:     at listenInCluster (node:net:1378:12)
2022-03-09 22:15 +08:00:     at doListen (node:net:1516:7)
2022-03-09 22:15 +08:00:     at processTicksAndRejections (node:internal/process/task_queues:84:21)
2022-03-09 22:15 +08:00: Emitted 'error' event on Server instance at:
2022-03-09 22:15 +08:00:     at emitErrorNT (node:net:1357:8)
2022-03-09 22:15 +08:00:     at processTicksAndRejections (node:internal/process/task_queues:83:21) {
2022-03-09 22:15 +08:00:   code: 'EADDRNOTAVAIL',
2022-03-09 22:15 +08:00:   errno: -99,
2022-03-09 22:15 +08:00:   syscall: 'listen',
2022-03-09 22:15 +08:00:   address: '47.57.243.177',
2022-03-09 22:15 +08:00:   port: 6000
2022-03-09 22:15 +08:00: }
2022-03-09 22:15 +08:00: node:events:498
2022-03-09 22:15 +08:00:       throw er; // Unhandled 'error' event
2022-03-09 22:15 +08:00:       ^
2022-03-09 22:15 +08:00: 
2022-03-09 22:15 +08:00: Error: listen EADDRNOTAVAIL: address not available 47.57.243.177:6000
2022-03-09 22:15 +08:00:     at Server.setupListenHandle [as _listen2] (node:net:1313:21)
2022-03-09 22:15 +08:00:     at listenInCluster (node:net:1378:12)
2022-03-09 22:15 +08:00:     at doListen (node:net:1516:7)
2022-03-09 22:15 +08:00:     at processTicksAndRejections (node:internal/process/task_queues:84:21)
2022-03-09 22:15 +08:00: Emitted 'error' event on Server instance at:
2022-03-09 22:15 +08:00:     at emitErrorNT (node:net:1357:8)
2022-03-09 22:15 +08:00:     at processTicksAndRejections (node:internal/process/task_queues:83:21) {
2022-03-09 22:15 +08:00:   code: 'EADDRNOTAVAIL',
2022-03-09 22:15 +08:00:   errno: -99,
2022-03-09 22:15 +08:00:   syscall: 'listen',
2022-03-09 22:15 +08:00:   address: '47.57.243.177',
2022-03-09 22:15 +08:00:   port: 6000
2022-03-09 22:15 +08:00: }
2022-03-09 22:15 +08:00: node:events:498
2022-03-09 22:15 +08:00:       throw er; // Unhandled 'error' event
2022-03-09 22:15 +08:00:       ^
2022-03-09 22:15 +08:00: 
2022-03-09 22:15 +08:00: Error: listen EADDRNOTAVAIL: address not available 47.57.243.177:6000
2022-03-09 22:15 +08:00:     at Server.setupListenHandle [as _listen2] (node:net:1313:21)
2022-03-09 22:15 +08:00:     at listenInCluster (node:net:1378:12)
2022-03-09 22:15 +08:00:     at doListen (node:net:1516:7)
2022-03-09 22:15 +08:00:     at processTicksAndRejections (node:internal/process/task_queues:84:21)
2022-03-09 22:15 +08:00: Emitted 'error' event on Server instance at:
2022-03-09 22:15 +08:00:     at emitErrorNT (node:net:1357:8)
2022-03-09 22:15 +08:00:     at processTicksAndRejections (node:internal/process/task_queues:83:21) {
2022-03-09 22:15 +08:00:   code: 'EADDRNOTAVAIL',
2022-03-09 22:15 +08:00:   errno: -99,
2022-03-09 22:15 +08:00:   syscall: 'listen',
2022-03-09 22:15 +08:00:   address: '47.57.243.177',
2022-03-09 22:15 +08:00:   port: 6000
2022-03-09 22:15 +08:00: }
2022-03-09 22:15 +08:00: node:events:498
2022-03-09 22:15 +08:00:       throw er; // Unhandled 'error' event
2022-03-09 22:15 +08:00:       ^
2022-03-09 22:15 +08:00: 
2022-03-09 22:15 +08:00: Error: listen EADDRNOTAVAIL: address not available 47.57.243.177:6000
2022-03-09 22:15 +08:00:     at Server.setupListenHandle [as _listen2] (node:net:1313:21)
2022-03-09 22:15 +08:00:     at listenInCluster (node:net:1378:12)
2022-03-09 22:15 +08:00:     at doListen (node:net:1516:7)
2022-03-09 22:15 +08:00:     at processTicksAndRejections (node:internal/process/task_queues:84:21)
2022-03-09 22:15 +08:00: Emitted 'error' event on Server instance at:
2022-03-09 22:15 +08:00:     at emitErrorNT (node:net:1357:8)
2022-03-09 22:15 +08:00:     at processTicksAndRejections (node:internal/process/task_queues:83:21) {
2022-03-09 22:15 +08:00:   code: 'EADDRNOTAVAIL',
2022-03-09 22:15 +08:00:   errno: -99,
2022-03-09 22:15 +08:00:   syscall: 'listen',
2022-03-09 22:15 +08:00:   address: '47.57.243.177',
2022-03-09 22:15 +08:00:   port: 6000
2022-03-09 22:15 +08:00: }
2022-03-09 22:15 +08:00: node:events:498
2022-03-09 22:15 +08:00:       throw er; // Unhandled 'error' event
2022-03-09 22:15 +08:00:       ^
2022-03-09 22:15 +08:00: 
2022-03-09 22:15 +08:00: Error: listen EADDRNOTAVAIL: address not available 47.57.243.177:6000
2022-03-09 22:15 +08:00:     at Server.setupListenHandle [as _listen2] (node:net:1313:21)
2022-03-09 22:15 +08:00:     at listenInCluster (node:net:1378:12)
2022-03-09 22:15 +08:00:     at doListen (node:net:1516:7)
2022-03-09 22:15 +08:00:     at processTicksAndRejections (node:internal/process/task_queues:84:21)
2022-03-09 22:15 +08:00: Emitted 'error' event on Server instance at:
2022-03-09 22:15 +08:00:     at emitErrorNT (node:net:1357:8)
2022-03-09 22:15 +08:00:     at processTicksAndRejections (node:internal/process/task_queues:83:21) {
2022-03-09 22:15 +08:00:   code: 'EADDRNOTAVAIL',
2022-03-09 22:15 +08:00:   errno: -99,
2022-03-09 22:15 +08:00:   syscall: 'listen',
2022-03-09 22:15 +08:00:   address: '47.57.243.177',
2022-03-09 22:15 +08:00:   port: 6000
2022-03-09 22:15 +08:00: }
2022-03-09 22:15 +08:00: node:events:498
2022-03-09 22:15 +08:00:       throw er; // Unhandled 'error' event
2022-03-09 22:15 +08:00:       ^
2022-03-09 22:15 +08:00: 
2022-03-09 22:15 +08:00: Error: listen EADDRNOTAVAIL: address not available 47.57.243.177:6000
2022-03-09 22:15 +08:00:     at Server.setupListenHandle [as _listen2] (node:net:1313:21)
2022-03-09 22:15 +08:00:     at listenInCluster (node:net:1378:12)
2022-03-09 22:15 +08:00:     at doListen (node:net:1516:7)
2022-03-09 22:15 +08:00:     at processTicksAndRejections (node:internal/process/task_queues:84:21)
2022-03-09 22:15 +08:00: Emitted 'error' event on Server instance at:
2022-03-09 22:15 +08:00:     at emitErrorNT (node:net:1357:8)
2022-03-09 22:15 +08:00:     at processTicksAndRejections (node:internal/process/task_queues:83:21) {
2022-03-09 22:15 +08:00:   code: 'EADDRNOTAVAIL',
2022-03-09 22:15 +08:00:   errno: -99,
2022-03-09 22:15 +08:00:   syscall: 'listen',
2022-03-09 22:15 +08:00:   address: '47.57.243.177',
2022-03-09 22:15 +08:00:   port: 6000
2022-03-09 22:15 +08:00: }
2022-03-09 22:15 +08:00: node:events:498
2022-03-09 22:15 +08:00:       throw er; // Unhandled 'error' event
2022-03-09 22:15 +08:00:       ^
2022-03-09 22:15 +08:00: 
2022-03-09 22:15 +08:00: Error: listen EADDRNOTAVAIL: address not available 47.57.243.177:6000
2022-03-09 22:15 +08:00:     at Server.setupListenHandle [as _listen2] (node:net:1313:21)
2022-03-09 22:15 +08:00:     at listenInCluster (node:net:1378:12)
2022-03-09 22:15 +08:00:     at doListen (node:net:1516:7)
2022-03-09 22:15 +08:00:     at processTicksAndRejections (node:internal/process/task_queues:84:21)
2022-03-09 22:15 +08:00: Emitted 'error' event on Server instance at:
2022-03-09 22:15 +08:00:     at emitErrorNT (node:net:1357:8)
2022-03-09 22:15 +08:00:     at processTicksAndRejections (node:internal/process/task_queues:83:21) {
2022-03-09 22:15 +08:00:   code: 'EADDRNOTAVAIL',
2022-03-09 22:15 +08:00:   errno: -99,
2022-03-09 22:15 +08:00:   syscall: 'listen',
2022-03-09 22:15 +08:00:   address: '47.57.243.177',
2022-03-09 22:15 +08:00:   port: 6000
2022-03-09 22:15 +08:00: }
2022-03-09 22:15 +08:00: node:events:498
2022-03-09 22:15 +08:00:       throw er; // Unhandled 'error' event
2022-03-09 22:15 +08:00:       ^
2022-03-09 22:15 +08:00: 
2022-03-09 22:15 +08:00: Error: listen EADDRNOTAVAIL: address not available 47.57.243.177:6000
2022-03-09 22:15 +08:00:     at Server.setupListenHandle [as _listen2] (node:net:1313:21)
2022-03-09 22:15 +08:00:     at listenInCluster (node:net:1378:12)
2022-03-09 22:15 +08:00:     at doListen (node:net:1516:7)
2022-03-09 22:15 +08:00:     at processTicksAndRejections (node:internal/process/task_queues:84:21)
2022-03-09 22:15 +08:00: Emitted 'error' event on Server instance at:
2022-03-09 22:15 +08:00:     at emitErrorNT (node:net:1357:8)
2022-03-09 22:15 +08:00:     at processTicksAndRejections (node:internal/process/task_queues:83:21) {
2022-03-09 22:15 +08:00:   code: 'EADDRNOTAVAIL',
2022-03-09 22:15 +08:00:   errno: -99,
2022-03-09 22:15 +08:00:   syscall: 'listen',
2022-03-09 22:15 +08:00:   address: '47.57.243.177',
2022-03-09 22:15 +08:00:   port: 6000
2022-03-09 22:15 +08:00: }
2022-03-09 22:15 +08:00: node:events:498
2022-03-09 22:15 +08:00:       throw er; // Unhandled 'error' event
2022-03-09 22:15 +08:00:       ^
2022-03-09 22:15 +08:00: 
2022-03-09 22:15 +08:00: Error: listen EADDRNOTAVAIL: address not available 47.57.243.177:6000
2022-03-09 22:15 +08:00:     at Server.setupListenHandle [as _listen2] (node:net:1313:21)
2022-03-09 22:15 +08:00:     at listenInCluster (node:net:1378:12)
2022-03-09 22:15 +08:00:     at doListen (node:net:1516:7)
2022-03-09 22:15 +08:00:     at processTicksAndRejections (node:internal/process/task_queues:84:21)
2022-03-09 22:15 +08:00: Emitted 'error' event on Server instance at:
2022-03-09 22:15 +08:00:     at emitErrorNT (node:net:1357:8)
2022-03-09 22:15 +08:00:     at processTicksAndRejections (node:internal/process/task_queues:83:21) {
2022-03-09 22:15 +08:00:   code: 'EADDRNOTAVAIL',
2022-03-09 22:15 +08:00:   errno: -99,
2022-03-09 22:15 +08:00:   syscall: 'listen',
2022-03-09 22:15 +08:00:   address: '47.57.243.177',
2022-03-09 22:15 +08:00:   port: 6000
2022-03-09 22:15 +08:00: }
2022-03-09 22:15 +08:00: node:events:498
2022-03-09 22:15 +08:00:       throw er; // Unhandled 'error' event
2022-03-09 22:15 +08:00:       ^
2022-03-09 22:15 +08:00: 
2022-03-09 22:15 +08:00: Error: listen EADDRNOTAVAIL: address not available 47.57.243.177:6000
2022-03-09 22:15 +08:00:     at Server.setupListenHandle [as _listen2] (node:net:1313:21)
2022-03-09 22:15 +08:00:     at listenInCluster (node:net:1378:12)
2022-03-09 22:15 +08:00:     at doListen (node:net:1516:7)
2022-03-09 22:15 +08:00:     at processTicksAndRejections (node:internal/process/task_queues:84:21)
2022-03-09 22:15 +08:00: Emitted 'error' event on Server instance at:
2022-03-09 22:15 +08:00:     at emitErrorNT (node:net:1357:8)
2022-03-09 22:15 +08:00:     at processTicksAndRejections (node:internal/process/task_queues:83:21) {
2022-03-09 22:15 +08:00:   code: 'EADDRNOTAVAIL',
2022-03-09 22:15 +08:00:   errno: -99,
2022-03-09 22:15 +08:00:   syscall: 'listen',
2022-03-09 22:15 +08:00:   address: '47.57.243.177',
2022-03-09 22:15 +08:00:   port: 6000
2022-03-09 22:15 +08:00: }
2022-03-09 22:15 +08:00: node:events:498
2022-03-09 22:15 +08:00:       throw er; // Unhandled 'error' event
2022-03-09 22:15 +08:00:       ^
2022-03-09 22:15 +08:00: 
2022-03-09 22:15 +08:00: Error: listen EADDRNOTAVAIL: address not available 47.57.243.177:6000
2022-03-09 22:15 +08:00:     at Server.setupListenHandle [as _listen2] (node:net:1313:21)
2022-03-09 22:15 +08:00:     at listenInCluster (node:net:1378:12)
2022-03-09 22:15 +08:00:     at doListen (node:net:1516:7)
2022-03-09 22:15 +08:00:     at processTicksAndRejections (node:internal/process/task_queues:84:21)
2022-03-09 22:15 +08:00: Emitted 'error' event on Server instance at:
2022-03-09 22:15 +08:00:     at emitErrorNT (node:net:1357:8)
2022-03-09 22:15 +08:00:     at processTicksAndRejections (node:internal/process/task_queues:83:21) {
2022-03-09 22:15 +08:00:   code: 'EADDRNOTAVAIL',
2022-03-09 22:15 +08:00:   errno: -99,
2022-03-09 22:15 +08:00:   syscall: 'listen',
2022-03-09 22:15 +08:00:   address: '47.57.243.177',
2022-03-09 22:15 +08:00:   port: 6000
2022-03-09 22:15 +08:00: }
2022-03-09 22:15 +08:00: node:events:498
2022-03-09 22:15 +08:00:       throw er; // Unhandled 'error' event
2022-03-09 22:15 +08:00:       ^
2022-03-09 22:15 +08:00: 
2022-03-09 22:15 +08:00: Error: listen EADDRNOTAVAIL: address not available 47.57.243.177:6000
2022-03-09 22:15 +08:00:     at Server.setupListenHandle [as _listen2] (node:net:1313:21)
2022-03-09 22:15 +08:00:     at listenInCluster (node:net:1378:12)
2022-03-09 22:15 +08:00:     at doListen (node:net:1516:7)
2022-03-09 22:15 +08:00:     at processTicksAndRejections (node:internal/process/task_queues:84:21)
2022-03-09 22:15 +08:00: Emitted 'error' event on Server instance at:
2022-03-09 22:15 +08:00:     at emitErrorNT (node:net:1357:8)
2022-03-09 22:15 +08:00:     at processTicksAndRejections (node:internal/process/task_queues:83:21) {
2022-03-09 22:15 +08:00:   code: 'EADDRNOTAVAIL',
2022-03-09 22:15 +08:00:   errno: -99,
2022-03-09 22:15 +08:00:   syscall: 'listen',
2022-03-09 22:15 +08:00:   address: '47.57.243.177',
2022-03-09 22:15 +08:00:   port: 6000
2022-03-09 22:15 +08:00: }
2022-03-09 22:15 +08:00: node:events:498
2022-03-09 22:15 +08:00:       throw er; // Unhandled 'error' event
2022-03-09 22:15 +08:00:       ^
2022-03-09 22:15 +08:00: 
2022-03-09 22:15 +08:00: Error: listen EADDRNOTAVAIL: address not available 47.57.243.177:6000
2022-03-09 22:15 +08:00:     at Server.setupListenHandle [as _listen2] (node:net:1313:21)
2022-03-09 22:15 +08:00:     at listenInCluster (node:net:1378:12)
2022-03-09 22:15 +08:00:     at doListen (node:net:1516:7)
2022-03-09 22:15 +08:00:     at processTicksAndRejections (node:internal/process/task_queues:84:21)
2022-03-09 22:15 +08:00: Emitted 'error' event on Server instance at:
2022-03-09 22:15 +08:00:     at emitErrorNT (node:net:1357:8)
2022-03-09 22:15 +08:00:     at processTicksAndRejections (node:internal/process/task_queues:83:21) {
2022-03-09 22:15 +08:00:   code: 'EADDRNOTAVAIL',
2022-03-09 22:15 +08:00:   errno: -99,
2022-03-09 22:15 +08:00:   syscall: 'listen',
2022-03-09 22:15 +08:00:   address: '47.57.243.177',
2022-03-09 22:15 +08:00:   port: 6000
2022-03-09 22:15 +08:00: }
2022-03-09 22:15 +08:00: node:events:498
2022-03-09 22:15 +08:00:       throw er; // Unhandled 'error' event
2022-03-09 22:15 +08:00:       ^
2022-03-09 22:15 +08:00: 
2022-03-09 22:15 +08:00: Error: listen EADDRNOTAVAIL: address not available 47.57.243.177:6000
2022-03-09 22:15 +08:00:     at Server.setupListenHandle [as _listen2] (node:net:1313:21)
2022-03-09 22:15 +08:00:     at listenInCluster (node:net:1378:12)
2022-03-09 22:15 +08:00:     at doListen (node:net:1516:7)
2022-03-09 22:15 +08:00:     at processTicksAndRejections (node:internal/process/task_queues:84:21)
2022-03-09 22:15 +08:00: Emitted 'error' event on Server instance at:
2022-03-09 22:15 +08:00:     at emitErrorNT (node:net:1357:8)
2022-03-09 22:15 +08:00:     at processTicksAndRejections (node:internal/process/task_queues:83:21) {
2022-03-09 22:15 +08:00:   code: 'EADDRNOTAVAIL',
2022-03-09 22:15 +08:00:   errno: -99,
2022-03-09 22:15 +08:00:   syscall: 'listen',
2022-03-09 22:15 +08:00:   address: '47.57.243.177',
2022-03-09 22:15 +08:00:   port: 6000
2022-03-09 22:15 +08:00: }
2022-03-09 22:15 +08:00: node:events:498
2022-03-09 22:15 +08:00:       throw er; // Unhandled 'error' event
2022-03-09 22:15 +08:00:       ^
2022-03-09 22:15 +08:00: 
2022-03-09 22:15 +08:00: Error: listen EADDRNOTAVAIL: address not available 47.57.243.177:6000
2022-03-09 22:15 +08:00:     at Server.setupListenHandle [as _listen2] (node:net:1313:21)
2022-03-09 22:15 +08:00:     at listenInCluster (node:net:1378:12)
2022-03-09 22:15 +08:00:     at doListen (node:net:1516:7)
2022-03-09 22:15 +08:00:     at processTicksAndRejections (node:internal/process/task_queues:84:21)
2022-03-09 22:15 +08:00: Emitted 'error' event on Server instance at:
2022-03-09 22:15 +08:00:     at emitErrorNT (node:net:1357:8)
2022-03-09 22:15 +08:00:     at processTicksAndRejections (node:internal/process/task_queues:83:21) {
2022-03-09 22:15 +08:00:   code: 'EADDRNOTAVAIL',
2022-03-09 22:15 +08:00:   errno: -99,
2022-03-09 22:15 +08:00:   syscall: 'listen',
2022-03-09 22:15 +08:00:   address: '47.57.243.177',
2022-03-09 22:15 +08:00:   port: 6000
2022-03-09 22:15 +08:00: }
2022-03-09 22:15 +08:00: node:events:498
2022-03-09 22:15 +08:00:       throw er; // Unhandled 'error' event
2022-03-09 22:15 +08:00:       ^
2022-03-09 22:15 +08:00: 
2022-03-09 22:15 +08:00: Error: listen EADDRNOTAVAIL: address not available 47.57.243.177:6000
2022-03-09 22:15 +08:00:     at Server.setupListenHandle [as _listen2] (node:net:1313:21)
2022-03-09 22:15 +08:00:     at listenInCluster (node:net:1378:12)
2022-03-09 22:15 +08:00:     at doListen (node:net:1516:7)
2022-03-09 22:15 +08:00:     at processTicksAndRejections (node:internal/process/task_queues:84:21)
2022-03-09 22:15 +08:00: Emitted 'error' event on Server instance at:
2022-03-09 22:15 +08:00:     at emitErrorNT (node:net:1357:8)
2022-03-09 22:15 +08:00:     at processTicksAndRejections (node:internal/process/task_queues:83:21) {
2022-03-09 22:15 +08:00:   code: 'EADDRNOTAVAIL',
2022-03-09 22:15 +08:00:   errno: -99,
2022-03-09 22:15 +08:00:   syscall: 'listen',
2022-03-09 22:15 +08:00:   address: '47.57.243.177',
2022-03-09 22:15 +08:00:   port: 6000
2022-03-09 22:15 +08:00: }
2022-03-09 22:31 +08:00: (node:297768) [DEP0066] DeprecationWarning: OutgoingMessage.prototype._headers is deprecated
2022-03-09 22:31 +08:00: (Use `node --trace-deprecation ...` to show where the warning was created)
