2022-03-24 14:17 +08:00: Starting up http-server, serving ./dist/
2022-03-24 14:17 +08:00: 
2022-03-24 14:17 +08:00: http-server version: 14.1.0
2022-03-24 14:17 +08:00: 
2022-03-24 14:17 +08:00: http-server settings: 
2022-03-24 14:17 +08:00: CORS: disabled
2022-03-24 14:17 +08:00: Cache: 3600 seconds
2022-03-24 14:17 +08:00: Connection Timeout: 120 seconds
2022-03-24 14:17 +08:00: Directory Listings: visible
2022-03-24 14:17 +08:00: AutoIndex: visible
2022-03-24 14:17 +08:00: Serve GZIP Files: false
2022-03-24 14:17 +08:00: Serve Brotli Files: false
2022-03-24 14:17 +08:00: Default File Extension: none
2022-03-24 14:17 +08:00: 
2022-03-24 14:17 +08:00: Available on:
2022-03-24 14:17 +08:00:   http://127.0.0.1:3000
2022-03-24 14:17 +08:00:   http://172.25.11.146:3000
2022-03-24 14:17 +08:00: Hit CTRL-C to stop the server
2022-03-24 14:17 +08:00: 
2022-03-24 14:17 +08:00: [2022-03-24T06:17:26.922Z]  "GET /" "Mozilla/5.0 (X11; Linux x86_64) AppleWebKit/537.36 (KHTML, like Gecko) Chrome/99.0.4844.51 Safari/537.36"
2022-03-24 14:17 +08:00: [2022-03-24T06:17:27.053Z]  "GET /assets/index.0b94d506.js" "Mozilla/5.0 (X11; Linux x86_64) AppleWebKit/537.36 (KHTML, like Gecko) Chrome/99.0.4844.51 Safari/537.36"
2022-03-24 14:17 +08:00: [2022-03-24T06:17:27.058Z]  "GET /assets/index.6c0f914f.css" "Mozilla/5.0 (X11; Linux x86_64) AppleWebKit/537.36 (KHTML, like Gecko) Chrome/99.0.4844.51 Safari/537.36"
2022-03-24 14:17 +08:00: [2022-03-24T06:17:27.120Z]  "GET /assets/vendor.9a9e4064.js" "Mozilla/5.0 (X11; Linux x86_64) AppleWebKit/537.36 (KHTML, like Gecko) Chrome/99.0.4844.51 Safari/537.36"
2022-03-24 14:17 +08:00: [2022-03-24T06:17:30.508Z]  "GET /assets/Calibre-Medium-Custom.66b62c44.woff2" "Mozilla/5.0 (X11; Linux x86_64) AppleWebKit/537.36 (KHTML, like Gecko) Chrome/99.0.4844.51 Safari/537.36"
2022-03-24 14:17 +08:00: [2022-03-24T06:17:30.518Z]  "GET /favicon.png" "Mozilla/5.0 (X11; Linux x86_64) AppleWebKit/537.36 (KHTML, like Gecko) Chrome/99.0.4844.51 Safari/537.36"
2022-03-24 14:17 +08:00: [2022-03-24T06:17:30.716Z]  "GET /assets/iconfont.872475bc.woff2?t=1644568638855" "Mozilla/5.0 (X11; Linux x86_64) AppleWebKit/537.36 (KHTML, like Gecko) Chrome/99.0.4844.51 Safari/537.36"
2022-03-24 14:17 +08:00: [2022-03-24T06:17:30.721Z]  "GET /assets/Calibre-Semibold-Custom.a706c0ac.woff2" "Mozilla/5.0 (X11; Linux x86_64) AppleWebKit/537.36 (KHTML, like Gecko) Chrome/99.0.4844.51 Safari/537.36"
2022-03-24 14:17 +08:00: [2022-03-24T06:17:30.749Z]  "GET /favicon.png" "Mozilla/5.0 (X11; Linux x86_64) AppleWebKit/537.36 (KHTML, like Gecko) Chrome/99.0.4844.51 Safari/537.36"
2022-03-24 14:17 +08:00: [2022-03-24T06:17:37.456Z]  "GET /" "Mozilla/5.0 (X11; Linux x86_64) AppleWebKit/537.36 (KHTML, like Gecko) Chrome/99.0.4844.51 Safari/537.36"
2022-03-24 14:17 +08:00: [2022-03-24T06:17:37.559Z]  "GET /assets/index.0b94d506.js" "Mozilla/5.0 (X11; Linux x86_64) AppleWebKit/537.36 (KHTML, like Gecko) Chrome/99.0.4844.51 Safari/537.36"
2022-03-24 14:17 +08:00: [2022-03-24T06:17:37.566Z]  "GET /assets/index.6c0f914f.css" "Mozilla/5.0 (X11; Linux x86_64) AppleWebKit/537.36 (KHTML, like Gecko) Chrome/99.0.4844.51 Safari/537.36"
2022-03-24 14:17 +08:00: [2022-03-24T06:17:37.610Z]  "GET /assets/vendor.9a9e4064.js" "Mozilla/5.0 (X11; Linux x86_64) AppleWebKit/537.36 (KHTML, like Gecko) Chrome/99.0.4844.51 Safari/537.36"
2022-03-24 14:17 +08:00: [2022-03-24T06:17:39.181Z]  "GET /favicon.png" "Mozilla/5.0 (X11; Linux x86_64) AppleWebKit/537.36 (KHTML, like Gecko) Chrome/99.0.4844.51 Safari/537.36"
2022-03-24 14:17 +08:00: [2022-03-24T06:17:39.182Z]  "GET /assets/Calibre-Medium-Custom.66b62c44.woff2" "Mozilla/5.0 (X11; Linux x86_64) AppleWebKit/537.36 (KHTML, like Gecko) Chrome/99.0.4844.51 Safari/537.36"
2022-03-24 14:17 +08:00: [2022-03-24T06:17:39.308Z]  "GET /assets/Calibre-Semibold-Custom.a706c0ac.woff2" "Mozilla/5.0 (X11; Linux x86_64) AppleWebKit/537.36 (KHTML, like Gecko) Chrome/99.0.4844.51 Safari/537.36"
2022-03-24 14:17 +08:00: [2022-03-24T06:17:39.309Z]  "GET /assets/iconfont.872475bc.woff2?t=1644568638855" "Mozilla/5.0 (X11; Linux x86_64) AppleWebKit/537.36 (KHTML, like Gecko) Chrome/99.0.4844.51 Safari/537.36"
2022-03-24 14:17 +08:00: [2022-03-24T06:17:39.398Z]  "GET /favicon.png" "Mozilla/5.0 (X11; Linux x86_64) AppleWebKit/537.36 (KHTML, like Gecko) Chrome/99.0.4844.51 Safari/537.36"
2022-03-24 14:18 +08:00: [2022-03-24T06:18:27.824Z]  "GET /" "Mozilla/5.0 (X11; Linux x86_64) AppleWebKit/537.36 (KHTML, like Gecko) Chrome/99.0.4844.51 Safari/537.36"
2022-03-24 14:18 +08:00: [2022-03-24T06:18:27.931Z]  "GET /assets/index.6c0f914f.css" "Mozilla/5.0 (X11; Linux x86_64) AppleWebKit/537.36 (KHTML, like Gecko) Chrome/99.0.4844.51 Safari/537.36"
2022-03-24 14:18 +08:00: [2022-03-24T06:18:27.937Z]  "GET /assets/index.0b94d506.js" "Mozilla/5.0 (X11; Linux x86_64) AppleWebKit/537.36 (KHTML, like Gecko) Chrome/99.0.4844.51 Safari/537.36"
2022-03-24 14:18 +08:00: [2022-03-24T06:18:27.985Z]  "GET /assets/vendor.9a9e4064.js" "Mozilla/5.0 (X11; Linux x86_64) AppleWebKit/537.36 (KHTML, like Gecko) Chrome/99.0.4844.51 Safari/537.36"
2022-03-24 14:18 +08:00: [2022-03-24T06:18:28.926Z]  "GET /favicon.png" "Mozilla/5.0 (X11; Linux x86_64) AppleWebKit/537.36 (KHTML, like Gecko) Chrome/99.0.4844.51 Safari/537.36"
2022-03-24 14:18 +08:00: [2022-03-24T06:18:28.932Z]  "GET /assets/Calibre-Medium-Custom.66b62c44.woff2" "Mozilla/5.0 (X11; Linux x86_64) AppleWebKit/537.36 (KHTML, like Gecko) Chrome/99.0.4844.51 Safari/537.36"
2022-03-24 14:18 +08:00: [2022-03-24T06:18:29.151Z]  "GET /assets/Calibre-Semibold-Custom.a706c0ac.woff2" "Mozilla/5.0 (X11; Linux x86_64) AppleWebKit/537.36 (KHTML, like Gecko) Chrome/99.0.4844.51 Safari/537.36"
2022-03-24 14:18 +08:00: [2022-03-24T06:18:29.156Z]  "GET /assets/iconfont.872475bc.woff2?t=1644568638855" "Mozilla/5.0 (X11; Linux x86_64) AppleWebKit/537.36 (KHTML, like Gecko) Chrome/99.0.4844.51 Safari/537.36"
2022-03-24 14:18 +08:00: [2022-03-24T06:18:29.228Z]  "GET /favicon.png" "Mozilla/5.0 (X11; Linux x86_64) AppleWebKit/537.36 (KHTML, like Gecko) Chrome/99.0.4844.51 Safari/537.36"
2022-03-24 14:20 +08:00: http-server stopped.
