2022-03-09 23:42 +08:00: Starting up http-server, serving ./dist/
2022-03-09 23:42 +08:00: 
2022-03-09 23:42 +08:00: http-server version: 14.1.0
2022-03-09 23:42 +08:00: 
2022-03-09 23:42 +08:00: http-server settings: 
2022-03-09 23:42 +08:00: CORS: disabled
2022-03-09 23:42 +08:00: Cache: 3600 seconds
2022-03-09 23:42 +08:00: Connection Timeout: 120 seconds
2022-03-09 23:42 +08:00: Directory Listings: visible
2022-03-09 23:42 +08:00: AutoIndex: visible
2022-03-09 23:42 +08:00: Serve GZIP Files: false
2022-03-09 23:42 +08:00: Serve Brotli Files: false
2022-03-09 23:42 +08:00: Default File Extension: none
2022-03-09 23:42 +08:00: 
2022-03-09 23:42 +08:00: Available on:
2022-03-09 23:42 +08:00:   http://127.0.0.1:3000
2022-03-09 23:42 +08:00:   http://172.25.11.146:3000
2022-03-09 23:42 +08:00: Hit CTRL-C to stop the server
2022-03-09 23:42 +08:00: 
2022-03-09 23:42 +08:00: [2022-03-09T15:42:58.398Z]  "GET /" "Mozilla/5.0 (Windows NT 10.0; Win64; x64) AppleWebKit/537.36 (KHTML, like Gecko) Chrome/99.0.4844.51 Safari/537.36"
2022-03-09 23:43 +08:00: [2022-03-09T15:43:16.325Z]  "GET /" "Mozilla/5.0 (Windows NT 10.0; Win64; x64) AppleWebKit/537.36 (KHTML, like Gecko) Chrome/99.0.4844.51 Safari/537.36"
2022-03-09 23:46 +08:00: [2022-03-09T15:46:20.152Z]  "GET /" "Mozilla/5.0 (X11; Linux x86_64) AppleWebKit/537.36 (KHTML, like Gecko) Chrome/99.0.4844.51 Safari/537.36"
2022-03-09 23:46 +08:00: [2022-03-09T15:46:20.270Z]  "GET /assets/index.74af13f2.js" "Mozilla/5.0 (X11; Linux x86_64) AppleWebKit/537.36 (KHTML, like Gecko) Chrome/99.0.4844.51 Safari/537.36"
2022-03-09 23:46 +08:00: [2022-03-09T15:46:20.275Z]  "GET /assets/vendor.b5f2d85b.js" "Mozilla/5.0 (X11; Linux x86_64) AppleWebKit/537.36 (KHTML, like Gecko) Chrome/99.0.4844.51 Safari/537.36"
2022-03-09 23:46 +08:00: [2022-03-09T15:46:20.331Z]  "GET /assets/index.6c0f914f.css" "Mozilla/5.0 (X11; Linux x86_64) AppleWebKit/537.36 (KHTML, like Gecko) Chrome/99.0.4844.51 Safari/537.36"
2022-03-09 23:46 +08:00: [2022-03-09T15:46:24.445Z]  "GET /assets/zh-CN.788d98d4.js" "Mozilla/5.0 (X11; Linux x86_64) AppleWebKit/537.36 (KHTML, like Gecko) Chrome/99.0.4844.51 Safari/537.36"
2022-03-09 23:46 +08:00: [2022-03-09T15:46:24.466Z]  "GET /assets/Calibre-Medium-Custom.66b62c44.woff2" "Mozilla/5.0 (X11; Linux x86_64) AppleWebKit/537.36 (KHTML, like Gecko) Chrome/99.0.4844.51 Safari/537.36"
2022-03-09 23:46 +08:00: [2022-03-09T15:46:24.594Z]  "GET /favicon.png" "Mozilla/5.0 (X11; Linux x86_64) AppleWebKit/537.36 (KHTML, like Gecko) Chrome/99.0.4844.51 Safari/537.36"
2022-03-09 23:46 +08:00: [2022-03-09T15:46:24.912Z]  "GET /assets/iconfont.872475bc.woff2?t=1644568638855" "Mozilla/5.0 (X11; Linux x86_64) AppleWebKit/537.36 (KHTML, like Gecko) Chrome/99.0.4844.51 Safari/537.36"
2022-03-09 23:46 +08:00: [2022-03-09T15:46:24.915Z]  "GET /assets/Calibre-Semibold-Custom.a706c0ac.woff2" "Mozilla/5.0 (X11; Linux x86_64) AppleWebKit/537.36 (KHTML, like Gecko) Chrome/99.0.4844.51 Safari/537.36"
2022-03-09 23:51 +08:00: [2022-03-09T15:51:40.453Z]  "GET /null" "Mozilla/5.0 (X11; Linux x86_64) AppleWebKit/537.36 (KHTML, like Gecko) Chrome/99.0.4844.51 Safari/537.36"
2022-03-09 23:51 +08:00: [2022-03-09T15:51:40.454Z]  "GET /null" Error (404): "Not found"
2022-03-09 23:51 +08:00: [2022-03-09T15:51:44.566Z]  "GET /null" "Mozilla/5.0 (X11; Linux x86_64) AppleWebKit/537.36 (KHTML, like Gecko) Chrome/99.0.4844.51 Safari/537.36"
2022-03-09 23:51 +08:00: [2022-03-09T15:51:44.567Z]  "GET /null" Error (404): "Not found"
2022-03-09 23:51 +08:00: [2022-03-09T15:51:49.284Z]  "GET /null" "Mozilla/5.0 (X11; Linux x86_64) AppleWebKit/537.36 (KHTML, like Gecko) Chrome/99.0.4844.51 Safari/537.36"
2022-03-09 23:51 +08:00: [2022-03-09T15:51:49.285Z]  "GET /null" Error (404): "Not found"
2022-03-09 23:51 +08:00: [2022-03-09T15:51:52.765Z]  "GET /null" "Mozilla/5.0 (X11; Linux x86_64) AppleWebKit/537.36 (KHTML, like Gecko) Chrome/99.0.4844.51 Safari/537.36"
2022-03-09 23:51 +08:00: [2022-03-09T15:51:52.765Z]  "GET /null" Error (404): "Not found"
2022-03-09 23:51 +08:00: [2022-03-09T15:51:52.827Z]  "GET /assets/chevron.dc5d9ffe.svg" "Mozilla/5.0 (X11; Linux x86_64) AppleWebKit/537.36 (KHTML, like Gecko) Chrome/99.0.4844.51 Safari/537.36"
2022-03-09 23:52 +08:00: [2022-03-09T15:52:01.158Z]  "GET /null" "Mozilla/5.0 (X11; Linux x86_64) AppleWebKit/537.36 (KHTML, like Gecko) Chrome/99.0.4844.51 Safari/537.36"
2022-03-09 23:52 +08:00: [2022-03-09T15:52:01.158Z]  "GET /null" Error (404): "Not found"
2022-03-09 23:52 +08:00: [2022-03-09T15:52:01.648Z]  "GET /null" "Mozilla/5.0 (X11; Linux x86_64) AppleWebKit/537.36 (KHTML, like Gecko) Chrome/99.0.4844.51 Safari/537.36"
2022-03-09 23:52 +08:00: [2022-03-09T15:52:01.648Z]  "GET /null" Error (404): "Not found"
2022-03-09 23:52 +08:00: [2022-03-09T15:52:04.068Z]  "GET /null" "Mozilla/5.0 (X11; Linux x86_64) AppleWebKit/537.36 (KHTML, like Gecko) Chrome/99.0.4844.51 Safari/537.36"
2022-03-09 23:52 +08:00: [2022-03-09T15:52:04.069Z]  "GET /null" Error (404): "Not found"
2022-03-09 23:52 +08:00: [2022-03-09T15:52:14.672Z]  "GET /null" "Mozilla/5.0 (X11; Linux x86_64) AppleWebKit/537.36 (KHTML, like Gecko) Chrome/99.0.4844.51 Safari/537.36"
2022-03-09 23:52 +08:00: [2022-03-09T15:52:14.673Z]  "GET /null" Error (404): "Not found"
2022-03-09 23:52 +08:00: [2022-03-09T15:52:35.495Z]  "GET /null" "Mozilla/5.0 (X11; Linux x86_64) AppleWebKit/537.36 (KHTML, like Gecko) Chrome/99.0.4844.51 Safari/537.36"
2022-03-09 23:52 +08:00: [2022-03-09T15:52:35.496Z]  "GET /null" Error (404): "Not found"
2022-03-09 23:52 +08:00: [2022-03-09T15:52:35.946Z]  "GET /null" "Mozilla/5.0 (X11; Linux x86_64) AppleWebKit/537.36 (KHTML, like Gecko) Chrome/99.0.4844.51 Safari/537.36"
2022-03-09 23:52 +08:00: [2022-03-09T15:52:35.947Z]  "GET /null" Error (404): "Not found"
2022-03-09 23:52 +08:00: [2022-03-09T15:52:58.499Z]  "GET /null" "Mozilla/5.0 (X11; Linux x86_64) AppleWebKit/537.36 (KHTML, like Gecko) Chrome/99.0.4844.51 Safari/537.36"
2022-03-09 23:52 +08:00: [2022-03-09T15:52:58.500Z]  "GET /null" Error (404): "Not found"
2022-03-09 23:53 +08:00: [2022-03-09T15:53:00.432Z]  "GET /null" "Mozilla/5.0 (X11; Linux x86_64) AppleWebKit/537.36 (KHTML, like Gecko) Chrome/99.0.4844.51 Safari/537.36"
2022-03-09 23:53 +08:00: [2022-03-09T15:53:00.432Z]  "GET /null" Error (404): "Not found"
2022-03-09 23:53 +08:00: [2022-03-09T15:53:02.837Z]  "GET /null" "Mozilla/5.0 (X11; Linux x86_64) AppleWebKit/537.36 (KHTML, like Gecko) Chrome/99.0.4844.51 Safari/537.36"
2022-03-09 23:53 +08:00: [2022-03-09T15:53:02.838Z]  "GET /null" Error (404): "Not found"
2022-03-10 00:50 +08:00: [2022-03-09T16:50:03.620Z]  "GET /" "Mozilla/5.0 (Linux; Android 10; M2006C3LC) AppleWebKit/537.36 (KHTML, like Gecko) Chrome/74.0.3729.136 Mobile Safari/537.36"
2022-03-10 00:50 +08:00: [2022-03-09T16:50:04.456Z]  "GET /assets/index.74af13f2.js" "Mozilla/5.0 (Linux; Android 10; M2006C3LC) AppleWebKit/537.36 (KHTML, like Gecko) Chrome/74.0.3729.136 Mobile Safari/537.36"
2022-03-10 00:50 +08:00: [2022-03-09T16:50:04.457Z]  "GET /assets/vendor.b5f2d85b.js" "Mozilla/5.0 (Linux; Android 10; M2006C3LC) AppleWebKit/537.36 (KHTML, like Gecko) Chrome/74.0.3729.136 Mobile Safari/537.36"
2022-03-10 00:50 +08:00: [2022-03-09T16:50:04.509Z]  "GET /assets/index.6c0f914f.css" "Mozilla/5.0 (Linux; Android 10; M2006C3LC) AppleWebKit/537.36 (KHTML, like Gecko) Chrome/74.0.3729.136 Mobile Safari/537.36"
2022-03-10 00:50 +08:00: [2022-03-09T16:50:11.188Z]  "GET /assets/zh-CN.788d98d4.js" "Mozilla/5.0 (Linux; Android 10; M2006C3LC) AppleWebKit/537.36 (KHTML, like Gecko) Chrome/74.0.3729.136 Mobile Safari/537.36"
2022-03-10 00:50 +08:00: [2022-03-09T16:50:11.316Z]  "GET /assets/Calibre-Medium-Custom.66b62c44.woff2" "Mozilla/5.0 (Linux; Android 10; M2006C3LC) AppleWebKit/537.36 (KHTML, like Gecko) Chrome/74.0.3729.136 Mobile Safari/537.36"
2022-03-10 00:50 +08:00: [2022-03-09T16:50:11.402Z]  "GET /favicon.png" "Mozilla/5.0 (Linux; Android 10; M2006C3LC) AppleWebKit/537.36 (KHTML, like Gecko) Chrome/74.0.3729.136 Mobile Safari/537.36"
2022-03-10 00:50 +08:00: [2022-03-09T16:50:12.413Z]  "GET /assets/iconfont.872475bc.woff2?t=1644568638855" "Mozilla/5.0 (Linux; Android 10; M2006C3LC) AppleWebKit/537.36 (KHTML, like Gecko) Chrome/74.0.3729.136 Mobile Safari/537.36"
2022-03-10 00:50 +08:00: [2022-03-09T16:50:12.413Z]  "GET /assets/Calibre-Semibold-Custom.a706c0ac.woff2" "Mozilla/5.0 (Linux; Android 10; M2006C3LC) AppleWebKit/537.36 (KHTML, like Gecko) Chrome/74.0.3729.136 Mobile Safari/537.36"
2022-03-10 00:50 +08:00: [2022-03-09T16:50:37.229Z]  "GET /?utm_source=tokenpocket" "Mozilla/5.0 (Linux; Android 10; M2006C3LC Build/QP1A.190711.020; wv) AppleWebKit/537.36 (KHTML, like Gecko) Version/4.0 Chrome/81.0.4044.138 Mobile Safari/537.36 TokenPocket_Android"
2022-03-10 00:50 +08:00: [2022-03-09T16:50:37.638Z]  "GET /assets/vendor.b5f2d85b.js" "Mozilla/5.0 (Linux; Android 10; M2006C3LC Build/QP1A.190711.020; wv) AppleWebKit/537.36 (KHTML, like Gecko) Version/4.0 Chrome/81.0.4044.138 Mobile Safari/537.36 TokenPocket_Android"
2022-03-10 00:50 +08:00: [2022-03-09T16:50:37.693Z]  "GET /assets/index.6c0f914f.css" "Mozilla/5.0 (Linux; Android 10; M2006C3LC Build/QP1A.190711.020; wv) AppleWebKit/537.36 (KHTML, like Gecko) Version/4.0 Chrome/81.0.4044.138 Mobile Safari/537.36 TokenPocket_Android"
2022-03-10 00:50 +08:00: [2022-03-09T16:50:37.712Z]  "GET /assets/index.74af13f2.js" "Mozilla/5.0 (Linux; Android 10; M2006C3LC Build/QP1A.190711.020; wv) AppleWebKit/537.36 (KHTML, like Gecko) Version/4.0 Chrome/81.0.4044.138 Mobile Safari/537.36 TokenPocket_Android"
2022-03-10 00:50 +08:00: [2022-03-09T16:50:45.038Z]  "GET /assets/zh-CN.788d98d4.js" "Mozilla/5.0 (Linux; Android 10; M2006C3LC Build/QP1A.190711.020; wv) AppleWebKit/537.36 (KHTML, like Gecko) Version/4.0 Chrome/81.0.4044.138 Mobile Safari/537.36 TokenPocket_Android"
2022-03-10 00:50 +08:00: [2022-03-09T16:50:45.113Z]  "GET /assets/Calibre-Medium-Custom.66b62c44.woff2" "Mozilla/5.0 (Linux; Android 10; M2006C3LC Build/QP1A.190711.020; wv) AppleWebKit/537.36 (KHTML, like Gecko) Version/4.0 Chrome/81.0.4044.138 Mobile Safari/537.36 TokenPocket_Android"
2022-03-10 00:50 +08:00: [2022-03-09T16:50:45.273Z]  "GET /favicon.png" "Mozilla/5.0 (Linux; Android 10; M2006C3LC Build/QP1A.190711.020; wv) AppleWebKit/537.36 (KHTML, like Gecko) Version/4.0 Chrome/81.0.4044.138 Mobile Safari/537.36 TokenPocket_Android"
2022-03-10 00:50 +08:00: [2022-03-09T16:50:46.132Z]  "GET /assets/Calibre-Semibold-Custom.a706c0ac.woff2" "Mozilla/5.0 (Linux; Android 10; M2006C3LC Build/QP1A.190711.020; wv) AppleWebKit/537.36 (KHTML, like Gecko) Version/4.0 Chrome/81.0.4044.138 Mobile Safari/537.36 TokenPocket_Android"
2022-03-10 00:50 +08:00: [2022-03-09T16:50:46.138Z]  "GET /assets/iconfont.872475bc.woff2?t=1644568638855" "Mozilla/5.0 (Linux; Android 10; M2006C3LC Build/QP1A.190711.020; wv) AppleWebKit/537.36 (KHTML, like Gecko) Version/4.0 Chrome/81.0.4044.138 Mobile Safari/537.36 TokenPocket_Android"
2022-03-10 00:50 +08:00: [2022-03-09T16:50:54.427Z]  "GET /?utm_source=tokenpocket" "Mozilla/5.0 (Linux; Android 10; M2006C3LC Build/QP1A.190711.020; wv) AppleWebKit/537.36 (KHTML, like Gecko) Version/4.0 Chrome/81.0.4044.138 Mobile Safari/537.36 TokenPocket_Android"
2022-03-10 00:51 +08:00: [2022-03-09T16:51:04.168Z]  "GET /metamask.png" "Mozilla/5.0 (Linux; Android 10; M2006C3LC Build/QP1A.190711.020; wv) AppleWebKit/537.36 (KHTML, like Gecko) Version/4.0 Chrome/81.0.4044.138 Mobile Safari/537.36 TokenPocket_Android"
2022-03-10 00:51 +08:00: [2022-03-09T16:51:09.495Z]  "GET /null" "Mozilla/5.0 (Linux; Android 10; M2006C3LC Build/QP1A.190711.020; wv) AppleWebKit/537.36 (KHTML, like Gecko) Version/4.0 Chrome/81.0.4044.138 Mobile Safari/537.36 TokenPocket_Android"
2022-03-10 00:51 +08:00: [2022-03-09T16:51:09.496Z]  "GET /null" Error (404): "Not found"
2022-03-10 00:51 +08:00: [2022-03-09T16:51:18.438Z]  "GET /null" "Mozilla/5.0 (Linux; Android 10; M2006C3LC Build/QP1A.190711.020; wv) AppleWebKit/537.36 (KHTML, like Gecko) Version/4.0 Chrome/81.0.4044.138 Mobile Safari/537.36 TokenPocket_Android"
2022-03-10 00:51 +08:00: [2022-03-09T16:51:18.439Z]  "GET /null" Error (404): "Not found"
2022-03-10 00:51 +08:00: [2022-03-09T16:51:23.019Z]  "GET /null" "Mozilla/5.0 (Linux; Android 10; M2006C3LC Build/QP1A.190711.020; wv) AppleWebKit/537.36 (KHTML, like Gecko) Version/4.0 Chrome/81.0.4044.138 Mobile Safari/537.36 TokenPocket_Android"
2022-03-10 00:51 +08:00: [2022-03-09T16:51:23.019Z]  "GET /null" Error (404): "Not found"
2022-03-10 00:51 +08:00: [2022-03-09T16:51:25.850Z]  "GET /null" "Mozilla/5.0 (Linux; Android 10; M2006C3LC Build/QP1A.190711.020; wv) AppleWebKit/537.36 (KHTML, like Gecko) Version/4.0 Chrome/81.0.4044.138 Mobile Safari/537.36 TokenPocket_Android"
2022-03-10 00:51 +08:00: [2022-03-09T16:51:25.851Z]  "GET /null" Error (404): "Not found"
2022-03-10 00:51 +08:00: [2022-03-09T16:51:25.907Z]  "GET /assets/chevron.dc5d9ffe.svg" "Mozilla/5.0 (Linux; Android 10; M2006C3LC Build/QP1A.190711.020; wv) AppleWebKit/537.36 (KHTML, like Gecko) Version/4.0 Chrome/81.0.4044.138 Mobile Safari/537.36 TokenPocket_Android"
2022-03-10 00:51 +08:00: [2022-03-09T16:51:26.655Z]  "GET /null" "Mozilla/5.0 (Linux; Android 10; M2006C3LC Build/QP1A.190711.020; wv) AppleWebKit/537.36 (KHTML, like Gecko) Version/4.0 Chrome/81.0.4044.138 Mobile Safari/537.36 TokenPocket_Android"
2022-03-10 00:51 +08:00: [2022-03-09T16:51:26.656Z]  "GET /null" Error (404): "Not found"
2022-03-10 00:51 +08:00: [2022-03-09T16:51:31.047Z]  "GET /null" "Mozilla/5.0 (Linux; Android 10; M2006C3LC Build/QP1A.190711.020; wv) AppleWebKit/537.36 (KHTML, like Gecko) Version/4.0 Chrome/81.0.4044.138 Mobile Safari/537.36 TokenPocket_Android"
2022-03-10 00:51 +08:00: [2022-03-09T16:51:31.048Z]  "GET /null" Error (404): "Not found"
2022-03-10 00:51 +08:00: [2022-03-09T16:51:32.625Z]  "GET /null" "Mozilla/5.0 (Linux; Android 10; M2006C3LC Build/QP1A.190711.020; wv) AppleWebKit/537.36 (KHTML, like Gecko) Version/4.0 Chrome/81.0.4044.138 Mobile Safari/537.36 TokenPocket_Android"
2022-03-10 00:51 +08:00: [2022-03-09T16:51:32.625Z]  "GET /null" Error (404): "Not found"
2022-03-10 02:39 +08:00: [2022-03-09T18:39:46.139Z]  "GET /" "Mozilla/5.0 (X11; Linux x86_64) AppleWebKit/537.36 (KHTML, like Gecko) Chrome/99.0.4844.51 Safari/537.36"
2022-03-10 02:39 +08:00: [2022-03-09T18:39:46.251Z]  "GET /assets/index.74af13f2.js" "Mozilla/5.0 (X11; Linux x86_64) AppleWebKit/537.36 (KHTML, like Gecko) Chrome/99.0.4844.51 Safari/537.36"
2022-03-10 02:39 +08:00: [2022-03-09T18:39:46.252Z]  "GET /assets/index.6c0f914f.css" "Mozilla/5.0 (X11; Linux x86_64) AppleWebKit/537.36 (KHTML, like Gecko) Chrome/99.0.4844.51 Safari/537.36"
2022-03-10 02:39 +08:00: [2022-03-09T18:39:46.299Z]  "GET /assets/vendor.b5f2d85b.js" "Mozilla/5.0 (X11; Linux x86_64) AppleWebKit/537.36 (KHTML, like Gecko) Chrome/99.0.4844.51 Safari/537.36"
2022-03-10 02:39 +08:00: [2022-03-09T18:39:46.809Z]  "GET /assets/zh-CN.788d98d4.js" "Mozilla/5.0 (X11; Linux x86_64) AppleWebKit/537.36 (KHTML, like Gecko) Chrome/99.0.4844.51 Safari/537.36"
2022-03-10 02:39 +08:00: [2022-03-09T18:39:46.815Z]  "GET /favicon.png" "Mozilla/5.0 (X11; Linux x86_64) AppleWebKit/537.36 (KHTML, like Gecko) Chrome/99.0.4844.51 Safari/537.36"
2022-03-10 02:39 +08:00: [2022-03-09T18:39:46.822Z]  "GET /assets/Calibre-Medium-Custom.66b62c44.woff2" "Mozilla/5.0 (X11; Linux x86_64) AppleWebKit/537.36 (KHTML, like Gecko) Chrome/99.0.4844.51 Safari/537.36"
2022-03-10 02:39 +08:00: [2022-03-09T18:39:47.309Z]  "GET /assets/iconfont.872475bc.woff2?t=1644568638855" "Mozilla/5.0 (X11; Linux x86_64) AppleWebKit/537.36 (KHTML, like Gecko) Chrome/99.0.4844.51 Safari/537.36"
2022-03-10 02:39 +08:00: [2022-03-09T18:39:47.309Z]  "GET /assets/Calibre-Semibold-Custom.a706c0ac.woff2" "Mozilla/5.0 (X11; Linux x86_64) AppleWebKit/537.36 (KHTML, like Gecko) Chrome/99.0.4844.51 Safari/537.36"
2022-03-10 02:39 +08:00: [2022-03-09T18:39:54.207Z]  "GET /metamask.png" "Mozilla/5.0 (X11; Linux x86_64) AppleWebKit/537.36 (KHTML, like Gecko) Chrome/99.0.4844.51 Safari/537.36"
2022-03-10 02:39 +08:00: [2022-03-09T18:39:59.742Z]  "GET /favicon.png" "Mozilla/5.0 (X11; Linux x86_64) AppleWebKit/537.36 (KHTML, like Gecko) Chrome/99.0.4844.51 Safari/537.36"
2022-03-10 02:42 +08:00: [2022-03-09T18:42:36.040Z]  "GET /null" "Mozilla/5.0 (X11; Linux x86_64) AppleWebKit/537.36 (KHTML, like Gecko) Chrome/99.0.4844.51 Safari/537.36"
2022-03-10 02:42 +08:00: [2022-03-09T18:42:36.040Z]  "GET /null" Error (404): "Not found"
2022-03-10 02:42 +08:00: [2022-03-09T18:42:38.004Z]  "GET /null" "Mozilla/5.0 (X11; Linux x86_64) AppleWebKit/537.36 (KHTML, like Gecko) Chrome/99.0.4844.51 Safari/537.36"
2022-03-10 02:42 +08:00: [2022-03-09T18:42:38.005Z]  "GET /null" Error (404): "Not found"
2022-03-10 02:47 +08:00: [2022-03-09T18:47:57.479Z]  "GET http://pv.sohu.com/cityjson" "Mozilla/5.0 (Windows; U; Windows NT 5.1; en-US) AppleWebKit/534.3 (KHTML, like Gecko) Chrome/6.0.472.53 Safari/534.3"
2022-03-10 02:47 +08:00: [2022-03-09T18:47:57.480Z]  "GET http://pv.sohu.com/cityjson" Error (404): "Not found"
2022-03-10 03:16 +08:00: [2022-03-09T19:16:22.736Z]  "GET /" "Mozilla/5.0 (compatible; Nimbostratus-Bot/v1.3.2; http://cloudsystemnetworks.com)"
2022-03-10 03:36 +08:00: [2022-03-09T19:36:28.761Z]  "GET /null" "Mozilla/5.0 (X11; Linux x86_64) AppleWebKit/537.36 (KHTML, like Gecko) Chrome/99.0.4844.51 Safari/537.36"
2022-03-10 03:36 +08:00: [2022-03-09T19:36:28.763Z]  "GET /null" Error (404): "Not found"
2022-03-10 03:36 +08:00: [2022-03-09T19:36:37.678Z]  "GET /null" "Mozilla/5.0 (X11; Linux x86_64) AppleWebKit/537.36 (KHTML, like Gecko) Chrome/99.0.4844.51 Safari/537.36"
2022-03-10 03:36 +08:00: [2022-03-09T19:36:37.679Z]  "GET /null" Error (404): "Not found"
2022-03-10 03:36 +08:00: [2022-03-09T19:36:43.214Z]  "GET /null" "Mozilla/5.0 (X11; Linux x86_64) AppleWebKit/537.36 (KHTML, like Gecko) Chrome/99.0.4844.51 Safari/537.36"
2022-03-10 03:36 +08:00: [2022-03-09T19:36:43.214Z]  "GET /null" Error (404): "Not found"
2022-03-10 03:36 +08:00: [2022-03-09T19:36:44.805Z]  "GET /null" "Mozilla/5.0 (X11; Linux x86_64) AppleWebKit/537.36 (KHTML, like Gecko) Chrome/99.0.4844.51 Safari/537.36"
2022-03-10 03:36 +08:00: [2022-03-09T19:36:44.805Z]  "GET /null" Error (404): "Not found"
2022-03-10 03:36 +08:00: [2022-03-09T19:36:53.694Z]  "GET /null" "Mozilla/5.0 (X11; Linux x86_64) AppleWebKit/537.36 (KHTML, like Gecko) Chrome/99.0.4844.51 Safari/537.36"
2022-03-10 03:36 +08:00: [2022-03-09T19:36:53.694Z]  "GET /null" Error (404): "Not found"
2022-03-10 03:36 +08:00: [2022-03-09T19:36:54.506Z]  "GET /null" "Mozilla/5.0 (X11; Linux x86_64) AppleWebKit/537.36 (KHTML, like Gecko) Chrome/99.0.4844.51 Safari/537.36"
2022-03-10 03:36 +08:00: [2022-03-09T19:36:54.507Z]  "GET /null" Error (404): "Not found"
2022-03-10 03:36 +08:00: [2022-03-09T19:36:54.960Z]  "GET /null" "Mozilla/5.0 (X11; Linux x86_64) AppleWebKit/537.36 (KHTML, like Gecko) Chrome/99.0.4844.51 Safari/537.36"
2022-03-10 03:36 +08:00: [2022-03-09T19:36:54.960Z]  "GET /null" Error (404): "Not found"
2022-03-10 03:49 +08:00: [2022-03-09T19:49:31.461Z]  "GET /" "Mozilla/5.0 (X11; Ubuntu; Linux x86_64; rv:36.0) Gecko/20100101 Firefox/36.0"
2022-03-10 04:50 +08:00: [2022-03-09T20:50:08.711Z]  "GET /" "Mozilla/5.0 (Linux; Android 4.1.1; Nexus 7 Build/JRO03D)"
2022-03-10 06:25 +08:00: [2022-03-09T22:25:55.499Z]  "GET /" "Mozilla/5.0 (compatible; Nimbostratus-Bot/v1.3.2; http://cloudsystemnetworks.com)"
2022-03-10 12:13 +08:00: [2022-03-10T04:13:09.735Z]  "GET /" "undefined"
2022-03-10 12:13 +08:00: [2022-03-10T04:13:10.874Z]  "OPTIONS /" "undefined"
2022-03-10 12:13 +08:00: [2022-03-10T04:13:10.874Z]  "OPTIONS /" Error (404): "Not found"
2022-03-10 12:13 +08:00: [2022-03-10T04:13:11.249Z]  "OPTIONS /" "undefined"
2022-03-10 12:13 +08:00: [2022-03-10T04:13:11.249Z]  "OPTIONS /" Error (404): "Not found"
2022-03-10 12:13 +08:00: [2022-03-10T04:13:14.624Z]  "GET /nice%20ports%2C/Tri%6Eity.txt%2ebak" "undefined"
2022-03-10 12:13 +08:00: [2022-03-10T04:13:14.625Z]  "GET /nice%20ports%2C/Tri%6Eity.txt%2ebak" Error (404): "Not found"
2022-03-10 12:15 +08:00: [2022-03-10T04:15:45.204Z]  "GET /?utm_source=tokenpocket" "Mozilla/5.0 (Linux; Android 10; M2006C3LC Build/QP1A.190711.020; wv) AppleWebKit/537.36 (KHTML, like Gecko) Version/4.0 Chrome/81.0.4044.138 Mobile Safari/537.36 TokenPocket_Android"
2022-03-10 12:15 +08:00: [2022-03-10T04:15:45.457Z]  "GET /assets/vendor.b5f2d85b.js" "Mozilla/5.0 (Linux; Android 10; M2006C3LC Build/QP1A.190711.020; wv) AppleWebKit/537.36 (KHTML, like Gecko) Version/4.0 Chrome/81.0.4044.138 Mobile Safari/537.36 TokenPocket_Android"
2022-03-10 12:15 +08:00: [2022-03-10T04:15:45.586Z]  "GET /assets/index.6c0f914f.css" "Mozilla/5.0 (Linux; Android 10; M2006C3LC Build/QP1A.190711.020; wv) AppleWebKit/537.36 (KHTML, like Gecko) Version/4.0 Chrome/81.0.4044.138 Mobile Safari/537.36 TokenPocket_Android"
2022-03-10 12:15 +08:00: [2022-03-10T04:15:45.595Z]  "GET /assets/index.74af13f2.js" "Mozilla/5.0 (Linux; Android 10; M2006C3LC Build/QP1A.190711.020; wv) AppleWebKit/537.36 (KHTML, like Gecko) Version/4.0 Chrome/81.0.4044.138 Mobile Safari/537.36 TokenPocket_Android"
2022-03-10 12:15 +08:00: [2022-03-10T04:15:47.629Z]  "GET /assets/zh-CN.788d98d4.js" "Mozilla/5.0 (Linux; Android 10; M2006C3LC Build/QP1A.190711.020; wv) AppleWebKit/537.36 (KHTML, like Gecko) Version/4.0 Chrome/81.0.4044.138 Mobile Safari/537.36 TokenPocket_Android"
2022-03-10 12:15 +08:00: [2022-03-10T04:15:47.636Z]  "GET /assets/Calibre-Medium-Custom.66b62c44.woff2" "Mozilla/5.0 (Linux; Android 10; M2006C3LC Build/QP1A.190711.020; wv) AppleWebKit/537.36 (KHTML, like Gecko) Version/4.0 Chrome/81.0.4044.138 Mobile Safari/537.36 TokenPocket_Android"
2022-03-10 12:15 +08:00: [2022-03-10T04:15:47.835Z]  "GET /favicon.png" "Mozilla/5.0 (Linux; Android 10; M2006C3LC Build/QP1A.190711.020; wv) AppleWebKit/537.36 (KHTML, like Gecko) Version/4.0 Chrome/81.0.4044.138 Mobile Safari/537.36 TokenPocket_Android"
2022-03-10 12:15 +08:00: [2022-03-10T04:15:48.677Z]  "GET /assets/iconfont.872475bc.woff2?t=1644568638855" "Mozilla/5.0 (Linux; Android 10; M2006C3LC Build/QP1A.190711.020; wv) AppleWebKit/537.36 (KHTML, like Gecko) Version/4.0 Chrome/81.0.4044.138 Mobile Safari/537.36 TokenPocket_Android"
2022-03-10 12:15 +08:00: [2022-03-10T04:15:48.681Z]  "GET /assets/Calibre-Semibold-Custom.a706c0ac.woff2" "Mozilla/5.0 (Linux; Android 10; M2006C3LC Build/QP1A.190711.020; wv) AppleWebKit/537.36 (KHTML, like Gecko) Version/4.0 Chrome/81.0.4044.138 Mobile Safari/537.36 TokenPocket_Android"
2022-03-10 13:13 +08:00: [2022-03-10T05:13:23.951Z]  "GET /favicon.png" "Mozilla/5.0 (X11; Linux x86_64) AppleWebKit/537.36 (KHTML, like Gecko) Chrome/99.0.4844.51 Safari/537.36"
2022-03-10 13:14 +08:00: [2022-03-10T05:14:07.451Z]  "GET /" "Mozilla/5.0 (Linux; Android 5.1.1; SM801 Build/LMY47V; wv) AppleWebKit/537.36 (KHTML, like Gecko) Version/4.0 Chrome/53.0.2785.49 Mobile MQQBrowser/6.2 TBS/043024 Safari/537.36 MicroMessenger/6.5.4.1000 NetType/4G Language/zh_CN"
2022-03-10 13:14 +08:00: [2022-03-10T05:14:11.910Z]  "GET /assets/index.74af13f2.js" "Mozilla/5.0 (Linux; Android 5.1.1; SM801 Build/LMY47V; wv) AppleWebKit/537.36 (KHTML, like Gecko) Version/4.0 Chrome/53.0.2785.49 Mobile MQQBrowser/6.2 TBS/043024 Safari/537.36 MicroMessenger/6.5.4.1000 NetType/4G Language/zh_CN"
2022-03-10 13:14 +08:00: [2022-03-10T05:14:13.772Z]  "GET /null" "Mozilla/5.0 (X11; Linux x86_64) AppleWebKit/537.36 (KHTML, like Gecko) Chrome/99.0.4844.51 Safari/537.36"
2022-03-10 13:14 +08:00: [2022-03-10T05:14:13.773Z]  "GET /null" Error (404): "Not found"
2022-03-10 13:58 +08:00: [2022-03-10T05:58:08.161Z]  "GET /" "Mozilla/5.0 (Windows NT 10.0; Win64; x64) AppleWebKit/537.36 (KHTML, like Gecko) Chrome/99.0.4844.51 Safari/537.36"
2022-03-10 13:58 +08:00: [2022-03-10T05:58:08.278Z]  "GET /assets/vendor.b5f2d85b.js" "Mozilla/5.0 (Windows NT 10.0; Win64; x64) AppleWebKit/537.36 (KHTML, like Gecko) Chrome/99.0.4844.51 Safari/537.36"
2022-03-10 13:58 +08:00: [2022-03-10T05:58:08.281Z]  "GET /assets/index.74af13f2.js" "Mozilla/5.0 (Windows NT 10.0; Win64; x64) AppleWebKit/537.36 (KHTML, like Gecko) Chrome/99.0.4844.51 Safari/537.36"
2022-03-10 13:58 +08:00: [2022-03-10T05:58:08.282Z]  "GET /assets/index.6c0f914f.css" "Mozilla/5.0 (Windows NT 10.0; Win64; x64) AppleWebKit/537.36 (KHTML, like Gecko) Chrome/99.0.4844.51 Safari/537.36"
2022-03-10 13:58 +08:00: [2022-03-10T05:58:15.045Z]  "GET /favicon.png" "Mozilla/5.0 (Windows NT 10.0; Win64; x64) AppleWebKit/537.36 (KHTML, like Gecko) Chrome/99.0.4844.51 Safari/537.36"
2022-03-10 13:58 +08:00: [2022-03-10T05:58:15.045Z]  "GET /assets/Calibre-Medium-Custom.66b62c44.woff2" "Mozilla/5.0 (Windows NT 10.0; Win64; x64) AppleWebKit/537.36 (KHTML, like Gecko) Chrome/99.0.4844.51 Safari/537.36"
2022-03-10 13:58 +08:00: [2022-03-10T05:58:15.475Z]  "GET /assets/zh-CN.788d98d4.js" "Mozilla/5.0 (Windows NT 10.0; Win64; x64) AppleWebKit/537.36 (KHTML, like Gecko) Chrome/99.0.4844.51 Safari/537.36"
2022-03-10 13:58 +08:00: [2022-03-10T05:58:15.935Z]  "GET /assets/iconfont.872475bc.woff2?t=1644568638855" "Mozilla/5.0 (Windows NT 10.0; Win64; x64) AppleWebKit/537.36 (KHTML, like Gecko) Chrome/99.0.4844.51 Safari/537.36"
2022-03-10 13:58 +08:00: [2022-03-10T05:58:15.962Z]  "GET /assets/Calibre-Semibold-Custom.a706c0ac.woff2" "Mozilla/5.0 (Windows NT 10.0; Win64; x64) AppleWebKit/537.36 (KHTML, like Gecko) Chrome/99.0.4844.51 Safari/537.36"
2022-03-10 13:58 +08:00: [2022-03-10T05:58:18.910Z]  "GET /metamask.png" "Mozilla/5.0 (Windows NT 10.0; Win64; x64) AppleWebKit/537.36 (KHTML, like Gecko) Chrome/99.0.4844.51 Safari/537.36"
2022-03-10 13:58 +08:00: [2022-03-10T05:58:32.822Z]  "GET /favicon.png" "Mozilla/5.0 (Windows NT 10.0; Win64; x64) AppleWebKit/537.36 (KHTML, like Gecko) Chrome/99.0.4844.51 Safari/537.36"
2022-03-10 14:05 +08:00: [2022-03-10T06:05:17.641Z]  "GET /" "Mozilla/5.0 (Windows NT 10.0; Win64; x64) AppleWebKit/537.36 (KHTML, like Gecko) Chrome/99.0.4844.51 Safari/537.36"
2022-03-10 14:05 +08:00: [2022-03-10T06:05:22.126Z]  "GET /assets/index.6c0f914f.css" "Mozilla/5.0 (Windows NT 10.0; Win64; x64) AppleWebKit/537.36 (KHTML, like Gecko) Chrome/99.0.4844.51 Safari/537.36"
2022-03-10 14:05 +08:00: [2022-03-10T06:05:22.133Z]  "GET /assets/index.74af13f2.js" "Mozilla/5.0 (Windows NT 10.0; Win64; x64) AppleWebKit/537.36 (KHTML, like Gecko) Chrome/99.0.4844.51 Safari/537.36"
2022-03-10 14:05 +08:00: [2022-03-10T06:05:22.155Z]  "GET /assets/vendor.b5f2d85b.js" "Mozilla/5.0 (Windows NT 10.0; Win64; x64) AppleWebKit/537.36 (KHTML, like Gecko) Chrome/99.0.4844.51 Safari/537.36"
2022-03-10 14:05 +08:00: [2022-03-10T06:05:28.000Z]  "GET /favicon.png" "Mozilla/5.0 (Windows NT 10.0; Win64; x64) AppleWebKit/537.36 (KHTML, like Gecko) Chrome/99.0.4844.51 Safari/537.36"
2022-03-10 14:05 +08:00: [2022-03-10T06:05:28.020Z]  "GET /assets/Calibre-Medium-Custom.66b62c44.woff2" "Mozilla/5.0 (Windows NT 10.0; Win64; x64) AppleWebKit/537.36 (KHTML, like Gecko) Chrome/99.0.4844.51 Safari/537.36"
2022-03-10 14:05 +08:00: [2022-03-10T06:05:39.137Z]  "GET /assets/Calibre-Semibold-Custom.a706c0ac.woff2" "Mozilla/5.0 (Windows NT 10.0; Win64; x64) AppleWebKit/537.36 (KHTML, like Gecko) Chrome/99.0.4844.51 Safari/537.36"
2022-03-10 14:05 +08:00: [2022-03-10T06:05:39.141Z]  "GET /assets/iconfont.872475bc.woff2?t=1644568638855" "Mozilla/5.0 (Windows NT 10.0; Win64; x64) AppleWebKit/537.36 (KHTML, like Gecko) Chrome/99.0.4844.51 Safari/537.36"
2022-03-10 14:06 +08:00: [2022-03-10T06:06:48.157Z]  "GET /metamask.png" "Mozilla/5.0 (Windows NT 10.0; Win64; x64) AppleWebKit/537.36 (KHTML, like Gecko) Chrome/99.0.4844.51 Safari/537.36"
2022-03-10 14:06 +08:00: [2022-03-10T06:06:58.717Z]  "GET /favicon.png" "Mozilla/5.0 (Windows NT 10.0; Win64; x64) AppleWebKit/537.36 (KHTML, like Gecko) Chrome/99.0.4844.51 Safari/537.36"
2022-03-10 14:07 +08:00: [2022-03-10T06:07:51.358Z]  "GET /" "Mozilla/5.0 (X11; Linux x86_64) AppleWebKit/537.36 (KHTML, like Gecko) Chrome/99.0.4844.51 Safari/537.36"
2022-03-10 14:07 +08:00: [2022-03-10T06:07:51.454Z]  "GET /assets/index.74af13f2.js" "Mozilla/5.0 (X11; Linux x86_64) AppleWebKit/537.36 (KHTML, like Gecko) Chrome/99.0.4844.51 Safari/537.36"
2022-03-10 14:07 +08:00: [2022-03-10T06:07:51.456Z]  "GET /assets/vendor.b5f2d85b.js" "Mozilla/5.0 (X11; Linux x86_64) AppleWebKit/537.36 (KHTML, like Gecko) Chrome/99.0.4844.51 Safari/537.36"
2022-03-10 14:07 +08:00: [2022-03-10T06:07:51.518Z]  "GET /assets/index.6c0f914f.css" "Mozilla/5.0 (X11; Linux x86_64) AppleWebKit/537.36 (KHTML, like Gecko) Chrome/99.0.4844.51 Safari/537.36"
2022-03-10 14:07 +08:00: [2022-03-10T06:07:56.420Z]  "GET /assets/zh-CN.788d98d4.js" "Mozilla/5.0 (X11; Linux x86_64) AppleWebKit/537.36 (KHTML, like Gecko) Chrome/99.0.4844.51 Safari/537.36"
2022-03-10 14:07 +08:00: [2022-03-10T06:07:56.423Z]  "GET /assets/Calibre-Medium-Custom.66b62c44.woff2" "Mozilla/5.0 (X11; Linux x86_64) AppleWebKit/537.36 (KHTML, like Gecko) Chrome/99.0.4844.51 Safari/537.36"
2022-03-10 14:07 +08:00: [2022-03-10T06:07:56.424Z]  "GET /favicon.png" "Mozilla/5.0 (X11; Linux x86_64) AppleWebKit/537.36 (KHTML, like Gecko) Chrome/99.0.4844.51 Safari/537.36"
2022-03-10 14:07 +08:00: [2022-03-10T06:07:56.813Z]  "GET /assets/Calibre-Semibold-Custom.a706c0ac.woff2" "Mozilla/5.0 (X11; Linux x86_64) AppleWebKit/537.36 (KHTML, like Gecko) Chrome/99.0.4844.51 Safari/537.36"
2022-03-10 14:07 +08:00: [2022-03-10T06:07:56.813Z]  "GET /assets/iconfont.872475bc.woff2?t=1644568638855" "Mozilla/5.0 (X11; Linux x86_64) AppleWebKit/537.36 (KHTML, like Gecko) Chrome/99.0.4844.51 Safari/537.36"
2022-03-10 14:08 +08:00: [2022-03-10T06:08:37.131Z]  "GET /null" "Mozilla/5.0 (X11; Linux x86_64) AppleWebKit/537.36 (KHTML, like Gecko) Chrome/99.0.4844.51 Safari/537.36"
2022-03-10 14:08 +08:00: [2022-03-10T06:08:37.132Z]  "GET /null" Error (404): "Not found"
2022-03-10 14:09 +08:00: [2022-03-10T06:09:12.671Z]  "GET /null" "Mozilla/5.0 (X11; Linux x86_64) AppleWebKit/537.36 (KHTML, like Gecko) Chrome/99.0.4844.51 Safari/537.36"
2022-03-10 14:09 +08:00: [2022-03-10T06:09:12.671Z]  "GET /null" Error (404): "Not found"
2022-03-10 14:09 +08:00: [2022-03-10T06:09:26.580Z]  "GET /null" "Mozilla/5.0 (X11; Linux x86_64) AppleWebKit/537.36 (KHTML, like Gecko) Chrome/99.0.4844.51 Safari/537.36"
2022-03-10 14:09 +08:00: [2022-03-10T06:09:26.581Z]  "GET /null" Error (404): "Not found"
2022-03-10 14:09 +08:00: [2022-03-10T06:09:26.968Z]  "GET /null" "Mozilla/5.0 (X11; Linux x86_64) AppleWebKit/537.36 (KHTML, like Gecko) Chrome/99.0.4844.51 Safari/537.36"
2022-03-10 14:09 +08:00: [2022-03-10T06:09:26.970Z]  "GET /null" Error (404): "Not found"
2022-03-10 14:09 +08:00: [2022-03-10T06:09:32.973Z]  "GET /null" "Mozilla/5.0 (X11; Linux x86_64) AppleWebKit/537.36 (KHTML, like Gecko) Chrome/99.0.4844.51 Safari/537.36"
2022-03-10 14:09 +08:00: [2022-03-10T06:09:32.974Z]  "GET /null" Error (404): "Not found"
2022-03-10 14:09 +08:00: [2022-03-10T06:09:33.325Z]  "GET /null" "Mozilla/5.0 (X11; Linux x86_64) AppleWebKit/537.36 (KHTML, like Gecko) Chrome/99.0.4844.51 Safari/537.36"
2022-03-10 14:09 +08:00: [2022-03-10T06:09:33.326Z]  "GET /null" Error (404): "Not found"
2022-03-10 14:10 +08:00: [2022-03-10T06:10:55.406Z]  "GET /" "Mozilla/5.0 (Windows NT 10.0; Win64; x64) AppleWebKit/537.36 (KHTML, like Gecko) Chrome/99.0.4844.51 Safari/537.36"
2022-03-10 14:19 +08:00: [2022-03-10T06:19:12.459Z]  "GET /null" "Mozilla/5.0 (X11; Linux x86_64) AppleWebKit/537.36 (KHTML, like Gecko) Chrome/99.0.4844.51 Safari/537.36"
2022-03-10 14:19 +08:00: [2022-03-10T06:19:12.459Z]  "GET /null" Error (404): "Not found"
2022-03-10 14:20 +08:00: [2022-03-10T06:20:43.546Z]  "GET /null" "Mozilla/5.0 (Windows NT 10.0; Win64; x64) AppleWebKit/537.36 (KHTML, like Gecko) Chrome/99.0.4844.51 Safari/537.36"
2022-03-10 14:20 +08:00: [2022-03-10T06:20:43.547Z]  "GET /null" Error (404): "Not found"
2022-03-10 14:21 +08:00: [2022-03-10T06:21:08.078Z]  "GET /" "Mozilla/5.0 (Windows NT 10.0; Win64; x64) AppleWebKit/537.36 (KHTML, like Gecko) Chrome/99.0.4844.51 Safari/537.36"
2022-03-10 14:21 +08:00: [2022-03-10T06:21:19.819Z]  "GET /null" "Mozilla/5.0 (Windows NT 10.0; Win64; x64) AppleWebKit/537.36 (KHTML, like Gecko) Chrome/99.0.4844.51 Safari/537.36"
2022-03-10 14:21 +08:00: [2022-03-10T06:21:19.820Z]  "GET /null" Error (404): "Not found"
2022-03-10 14:22 +08:00: [2022-03-10T06:22:22.376Z]  "GET /null" "Mozilla/5.0 (Windows NT 10.0; Win64; x64) AppleWebKit/537.36 (KHTML, like Gecko) Chrome/99.0.4844.51 Safari/537.36"
2022-03-10 14:22 +08:00: [2022-03-10T06:22:22.377Z]  "GET /null" Error (404): "Not found"
2022-03-10 14:23 +08:00: [2022-03-10T06:23:19.167Z]  "GET /" "Mozilla/5.0 (X11; Linux x86_64) AppleWebKit/537.36 (KHTML, like Gecko) Chrome/99.0.4844.51 Safari/537.36"
2022-03-10 14:24 +08:00: [2022-03-10T06:24:08.523Z]  "GET /assets/chevron.dc5d9ffe.svg" "Mozilla/5.0 (Windows NT 10.0; Win64; x64) AppleWebKit/537.36 (KHTML, like Gecko) Chrome/99.0.4844.51 Safari/537.36"
2022-03-10 14:24 +08:00: [2022-03-10T06:24:13.748Z]  "GET /null" "Mozilla/5.0 (X11; Linux x86_64) AppleWebKit/537.36 (KHTML, like Gecko) Chrome/99.0.4844.51 Safari/537.36"
2022-03-10 14:24 +08:00: [2022-03-10T06:24:13.748Z]  "GET /null" Error (404): "Not found"
2022-03-10 14:24 +08:00: [2022-03-10T06:24:32.017Z]  "GET /favicon.png" "Mozilla/5.0 (X11; Linux x86_64) AppleWebKit/537.36 (KHTML, like Gecko) Chrome/99.0.4844.51 Safari/537.36"
2022-03-10 14:24 +08:00: [2022-03-10T06:24:41.908Z]  "GET /" "Mozilla/5.0 (X11; Linux x86_64) AppleWebKit/537.36 (KHTML, like Gecko) Chrome/99.0.4844.51 Safari/537.36"
2022-03-10 14:24 +08:00: [2022-03-10T06:24:43.967Z]  "GET /null" "Mozilla/5.0 (X11; Linux x86_64) AppleWebKit/537.36 (KHTML, like Gecko) Chrome/99.0.4844.51 Safari/537.36"
2022-03-10 14:24 +08:00: [2022-03-10T06:24:43.967Z]  "GET /null" Error (404): "Not found"
2022-03-10 14:25 +08:00: [2022-03-10T06:25:13.497Z]  "GET /null" "Mozilla/5.0 (Windows NT 10.0; Win64; x64) AppleWebKit/537.36 (KHTML, like Gecko) Chrome/99.0.4844.51 Safari/537.36"
2022-03-10 14:25 +08:00: [2022-03-10T06:25:13.497Z]  "GET /null" Error (404): "Not found"
2022-03-10 14:25 +08:00: [2022-03-10T06:25:50.547Z]  "GET /metamask.png" "Mozilla/5.0 (X11; Linux x86_64) AppleWebKit/537.36 (KHTML, like Gecko) Chrome/99.0.4844.51 Safari/537.36"
2022-03-10 14:27 +08:00: [2022-03-10T06:27:53.568Z]  "GET /null" "Mozilla/5.0 (Windows NT 10.0; Win64; x64) AppleWebKit/537.36 (KHTML, like Gecko) Chrome/99.0.4844.51 Safari/537.36"
2022-03-10 14:27 +08:00: [2022-03-10T06:27:53.569Z]  "GET /null" Error (404): "Not found"
2022-03-10 14:28 +08:00: [2022-03-10T06:28:19.803Z]  "GET /null" "Mozilla/5.0 (X11; Linux x86_64) AppleWebKit/537.36 (KHTML, like Gecko) Chrome/99.0.4844.51 Safari/537.36"
2022-03-10 14:28 +08:00: [2022-03-10T06:28:19.804Z]  "GET /null" Error (404): "Not found"
2022-03-10 14:28 +08:00: [2022-03-10T06:28:19.952Z]  "GET /null" "Mozilla/5.0 (X11; Linux x86_64) AppleWebKit/537.36 (KHTML, like Gecko) Chrome/99.0.4844.51 Safari/537.36"
2022-03-10 14:28 +08:00: [2022-03-10T06:28:19.952Z]  "GET /null" Error (404): "Not found"
2022-03-10 14:28 +08:00: [2022-03-10T06:28:24.206Z]  "GET /null" "Mozilla/5.0 (X11; Linux x86_64) AppleWebKit/537.36 (KHTML, like Gecko) Chrome/99.0.4844.51 Safari/537.36"
2022-03-10 14:28 +08:00: [2022-03-10T06:28:24.206Z]  "GET /null" Error (404): "Not found"
2022-03-10 14:28 +08:00: [2022-03-10T06:28:25.695Z]  "GET /assets/chevron.dc5d9ffe.svg" "Mozilla/5.0 (X11; Linux x86_64) AppleWebKit/537.36 (KHTML, like Gecko) Chrome/99.0.4844.51 Safari/537.36"
2022-03-10 14:31 +08:00: [2022-03-10T06:31:17.257Z]  "GET /null" "Mozilla/5.0 (Windows NT 10.0; Win64; x64) AppleWebKit/537.36 (KHTML, like Gecko) Chrome/99.0.4844.51 Safari/537.36"
2022-03-10 14:31 +08:00: [2022-03-10T06:31:17.257Z]  "GET /null" Error (404): "Not found"
2022-03-10 14:35 +08:00: [2022-03-10T06:35:46.443Z]  "GET /null" "Mozilla/5.0 (X11; Linux x86_64) AppleWebKit/537.36 (KHTML, like Gecko) Chrome/99.0.4844.51 Safari/537.36"
2022-03-10 14:35 +08:00: [2022-03-10T06:35:46.450Z]  "GET /null" Error (404): "Not found"
2022-03-10 14:35 +08:00: [2022-03-10T06:35:46.775Z]  "GET /null" "Mozilla/5.0 (X11; Linux x86_64) AppleWebKit/537.36 (KHTML, like Gecko) Chrome/99.0.4844.51 Safari/537.36"
2022-03-10 14:35 +08:00: [2022-03-10T06:35:46.776Z]  "GET /null" Error (404): "Not found"
2022-03-10 14:36 +08:00: http-server stopped.
