2022-03-24 14:27 +08:00: Starting up http-server, serving ./dist/
2022-03-24 14:27 +08:00: 
2022-03-24 14:27 +08:00: http-server version: 14.1.0
2022-03-24 14:27 +08:00: 
2022-03-24 14:27 +08:00: http-server settings: 
2022-03-24 14:27 +08:00: CORS: disabled
2022-03-24 14:27 +08:00: Cache: 3600 seconds
2022-03-24 14:27 +08:00: Connection Timeout: 120 seconds
2022-03-24 14:27 +08:00: Directory Listings: visible
2022-03-24 14:27 +08:00: AutoIndex: visible
2022-03-24 14:27 +08:00: Serve GZIP Files: false
2022-03-24 14:27 +08:00: Serve Brotli Files: false
2022-03-24 14:27 +08:00: Default File Extension: none
2022-03-24 14:27 +08:00: 
2022-03-24 14:27 +08:00: Available on:
2022-03-24 14:27 +08:00:   http://127.0.0.1:3000
2022-03-24 14:27 +08:00:   http://172.25.11.146:3000
2022-03-24 14:27 +08:00: Hit CTRL-C to stop the server
2022-03-24 14:27 +08:00: 
2022-03-24 14:28 +08:00: [2022-03-24T06:28:02.508Z]  "GET /" "Mozilla/5.0 (X11; Linux x86_64) AppleWebKit/537.36 (KHTML, like Gecko) Chrome/99.0.4844.51 Safari/537.36"
2022-03-24 14:33 +08:00: [2022-03-24T06:33:18.882Z]  "GET /" "Mozilla/5.0 (X11; Linux x86_64) AppleWebKit/537.36 (KHTML, like Gecko) Chrome/99.0.4844.51 Safari/537.36"
2022-03-24 14:33 +08:00: [2022-03-24T06:33:18.996Z]  "GET /assets/index.e08a5678.js" "Mozilla/5.0 (X11; Linux x86_64) AppleWebKit/537.36 (KHTML, like Gecko) Chrome/99.0.4844.51 Safari/537.36"
2022-03-24 14:33 +08:00: [2022-03-24T06:33:18.999Z]  "GET /assets/index.6c0f914f.css" "Mozilla/5.0 (X11; Linux x86_64) AppleWebKit/537.36 (KHTML, like Gecko) Chrome/99.0.4844.51 Safari/537.36"
2022-03-24 14:33 +08:00: [2022-03-24T06:33:20.006Z]  "GET /assets/vendor.427629f4.js" "Mozilla/5.0 (X11; Linux x86_64) AppleWebKit/537.36 (KHTML, like Gecko) Chrome/99.0.4844.51 Safari/537.36"
2022-03-24 14:33 +08:00: [2022-03-24T06:33:22.138Z]  "GET /assets/Calibre-Medium-Custom.66b62c44.woff2" "Mozilla/5.0 (X11; Linux x86_64) AppleWebKit/537.36 (KHTML, like Gecko) Chrome/99.0.4844.51 Safari/537.36"
2022-03-24 14:33 +08:00: [2022-03-24T06:33:22.154Z]  "GET /favicon.png" "Mozilla/5.0 (X11; Linux x86_64) AppleWebKit/537.36 (KHTML, like Gecko) Chrome/99.0.4844.51 Safari/537.36"
2022-03-24 14:33 +08:00: [2022-03-24T06:33:22.178Z]  "GET /service-worker.js?pusherBeamsWebSDKVersion=1.1.0" "Mozilla/5.0 (X11; Linux x86_64) AppleWebKit/537.36 (KHTML, like Gecko) Chrome/99.0.4844.51 Safari/537.36"
2022-03-24 14:33 +08:00: [2022-03-24T06:33:22.300Z]  "GET /assets/iconfont.872475bc.woff2?t=1644568638855" "Mozilla/5.0 (X11; Linux x86_64) AppleWebKit/537.36 (KHTML, like Gecko) Chrome/99.0.4844.51 Safari/537.36"
2022-03-24 14:33 +08:00: [2022-03-24T06:33:22.300Z]  "GET /assets/Calibre-Semibold-Custom.a706c0ac.woff2" "Mozilla/5.0 (X11; Linux x86_64) AppleWebKit/537.36 (KHTML, like Gecko) Chrome/99.0.4844.51 Safari/537.36"
2022-03-24 14:33 +08:00: [2022-03-24T06:33:22.339Z]  "GET /favicon.png" "Mozilla/5.0 (X11; Linux x86_64) AppleWebKit/537.36 (KHTML, like Gecko) Chrome/99.0.4844.51 Safari/537.36"
2022-03-24 14:33 +08:00: [2022-03-24T06:33:23.994Z]  "GET /service-worker.js?pusherBeamsWebSDKVersion=1.1.0" "Mozilla/5.0 (X11; Linux x86_64) AppleWebKit/537.36 (KHTML, like Gecko) Chrome/99.0.4844.51 Safari/537.36"
2022-03-24 14:33 +08:00: [2022-03-24T06:33:38.540Z]  "GET /" "Mozilla/5.0 (X11; Linux x86_64) AppleWebKit/537.36 (KHTML, like Gecko) Chrome/99.0.4844.51 Safari/537.36"
2022-03-24 14:33 +08:00: [2022-03-24T06:33:38.653Z]  "GET /assets/index.e08a5678.js" "Mozilla/5.0 (X11; Linux x86_64) AppleWebKit/537.36 (KHTML, like Gecko) Chrome/99.0.4844.51 Safari/537.36"
2022-03-24 14:33 +08:00: [2022-03-24T06:33:38.655Z]  "GET /assets/index.6c0f914f.css" "Mozilla/5.0 (X11; Linux x86_64) AppleWebKit/537.36 (KHTML, like Gecko) Chrome/99.0.4844.51 Safari/537.36"
2022-03-24 14:33 +08:00: [2022-03-24T06:33:38.711Z]  "GET /assets/vendor.427629f4.js" "Mozilla/5.0 (X11; Linux x86_64) AppleWebKit/537.36 (KHTML, like Gecko) Chrome/99.0.4844.51 Safari/537.36"
2022-03-24 14:33 +08:00: [2022-03-24T06:33:40.080Z]  "GET /favicon.png" "Mozilla/5.0 (X11; Linux x86_64) AppleWebKit/537.36 (KHTML, like Gecko) Chrome/99.0.4844.51 Safari/537.36"
2022-03-24 14:33 +08:00: [2022-03-24T06:33:40.081Z]  "GET /assets/Calibre-Medium-Custom.66b62c44.woff2" "Mozilla/5.0 (X11; Linux x86_64) AppleWebKit/537.36 (KHTML, like Gecko) Chrome/99.0.4844.51 Safari/537.36"
2022-03-24 14:33 +08:00: [2022-03-24T06:33:40.223Z]  "GET /assets/iconfont.872475bc.woff2?t=1644568638855" "Mozilla/5.0 (X11; Linux x86_64) AppleWebKit/537.36 (KHTML, like Gecko) Chrome/99.0.4844.51 Safari/537.36"
2022-03-24 14:33 +08:00: [2022-03-24T06:33:40.224Z]  "GET /assets/Calibre-Semibold-Custom.a706c0ac.woff2" "Mozilla/5.0 (X11; Linux x86_64) AppleWebKit/537.36 (KHTML, like Gecko) Chrome/99.0.4844.51 Safari/537.36"
2022-03-24 14:33 +08:00: [2022-03-24T06:33:40.302Z]  "GET /favicon.png" "Mozilla/5.0 (X11; Linux x86_64) AppleWebKit/537.36 (KHTML, like Gecko) Chrome/99.0.4844.51 Safari/537.36"
